SF:lib/core/reader/reader_volume_key_controller.dart
DA:7,0
DA:20,10
DA:21,20
DA:23,10
DA:29,10
DA:34,10
DA:35,10
DA:37,10
DA:38,10
DA:44,10
DA:45,10
DA:49,10
DA:51,10
DA:56,10
DA:57,10
DA:58,10
DA:61,2
DA:62,4
DA:63,2
DA:64,4
DA:66,2
DA:67,2
DA:69,1
DA:70,1
DA:75,10
DA:77,10
DA:79,10
DA:81,3
DA:83,0
LF:29
LH:27
end_of_record
SF:lib/services/core/changelog_service.dart
DA:7,2
DA:14,4
DA:20,1
DA:21,2
DA:22,1
DA:25,1
DA:26,1
DA:27,3
DA:31,1
DA:32,2
DA:37,1
DA:38,3
DA:40,1
DA:41,0
DA:44,1
DA:45,3
DA:46,0
DA:48,1
DA:49,1
DA:50,1
DA:51,1
DA:55,1
DA:56,1
DA:57,0
DA:58,0
DA:62,1
DA:64,1
DA:70,1
DA:75,1
DA:76,1
DA:77,1
DA:78,2
DA:79,1
DA:80,1
DA:83,2
DA:84,2
DA:85,1
DA:87,2
DA:88,1
DA:89,1
DA:91,0
DA:94,1
DA:95,1
DA:96,1
DA:98,1
DA:99,3
DA:100,3
LF:47
LH:42
end_of_record
SF:lib/book_sources/caching/book_source_chapter_cache.dart
DA:20,15
DA:22,15
DA:23,12
DA:24,6
DA:25,3
DA:26,12
DA:29,7
DA:41,4
DA:42,4
DA:43,4
DA:49,4
DA:50,8
DA:51,8
DA:54,4
DA:63,4
DA:64,8
DA:66,4
DA:67,2
DA:76,4
DA:78,2
DA:79,2
DA:87,4
DA:94,3
DA:101,3
DA:102,6
DA:104,4
DA:105,2
DA:111,2
DA:114,3
DA:116,1
DA:117,1
DA:123,1
DA:125,3
DA:128,2
DA:135,4
DA:139,1
DA:141,8
DA:142,2
DA:144,1
DA:145,2
DA:146,1
DA:149,1
DA:154,1
DA:160,2
DA:161,4
DA:162,4
DA:163,4
DA:164,1
DA:166,1
DA:169,4
DA:173,8
DA:175,4
DA:176,8
DA:180,8
DA:184,4
DA:188,4
DA:189,12
DA:190,4
DA:193,8
DA:198,4
DA:204,10
DA:205,4
DA:206,12
DA:208,20
DA:209,8
DA:210,8
DA:213,8
DA:214,4
DA:217,4
DA:218,8
DA:219,12
DA:220,0
DA:224,4
DA:226,4
DA:227,3
DA:228,2
DA:229,4
DA:230,2
DA:231,0
DA:234,4
DA:235,2
DA:236,2
DA:237,2
DA:238,8
DA:247,4
DA:253,5
DA:254,4
DA:255,4
DA:256,3
DA:258,6
DA:259,6
DA:260,6
DA:261,6
DA:262,6
DA:263,6
DA:264,6
DA:265,4
DA:274,2
DA:280,8
DA:281,2
DA:284,1
DA:289,1
DA:295,3
DA:299,6
DA:301,3
DA:302,6
DA:306,6
DA:310,3
DA:314,6
DA:315,6
DA:316,3
DA:317,3
DA:320,6
DA:325,3
DA:329,6
DA:330,9
DA:331,0
DA:335,3
DA:339,3
DA:340,2
DA:341,1
DA:342,2
DA:343,1
DA:344,0
DA:347,2
DA:348,3
DA:349,1
DA:350,1
DA:351,2
DA:352,4
DA:355,1
DA:356,2
DA:362,3
DA:368,4
DA:369,3
DA:370,3
DA:371,2
DA:373,4
DA:374,2
DA:375,2
DA:376,2
DA:377,4
DA:378,4
DA:379,4
DA:380,2
DA:381,0
DA:392,3
DA:397,3
DA:398,6
DA:399,9
DA:400,3
DA:401,3
DA:402,2
DA:405,4
DA:406,6
DA:409,4
DA:410,4
DA:412,2
DA:413,0
DA:416,4
DA:417,4
DA:418,15
DA:421,3
DA:422,3
DA:423,10
DA:426,4
DA:431,4
DA:432,10
DA:435,12
DA:439,4
LF:170
LH:164
end_of_record
SF:lib/book_sources/protocol/book_source_protocol.dart
DA:18,12
DA:20,0
DA:21,0
DA:44,4
DA:62,3
DA:64,4
DA:65,4
DA:66,4
DA:67,4
DA:68,0
DA:70,8
DA:71,12
DA:72,8
DA:73,1
DA:74,1
DA:78,8
DA:79,12
DA:81,4
DA:87,4
DA:90,4
DA:91,4
DA:92,8
DA:94,8
DA:95,8
DA:96,6
DA:97,8
DA:98,6
DA:99,6
DA:100,8
DA:102,8
DA:106,0
DA:107,0
DA:108,0
DA:109,0
DA:110,0
DA:111,0
DA:112,0
DA:113,0
DA:114,0
DA:115,0
DA:116,0
DA:117,0
DA:118,0
DA:119,0
DA:120,0
DA:121,0
DA:132,13
DA:140,4
DA:144,4
DA:145,4
DA:150,4
DA:152,4
DA:153,9
DA:155,4
DA:156,8
DA:157,8
DA:158,6
DA:159,8
DA:170,3
DA:176,2
DA:180,2
DA:181,2
DA:186,2
DA:187,2
DA:188,2
DA:190,2
DA:191,6
DA:193,2
DA:201,4
DA:203,3
DA:207,3
DA:208,3
DA:213,3
DA:215,3
DA:216,4
DA:217,2
DA:221,3
DA:230,6
DA:232,3
DA:233,3
DA:234,3
DA:235,3
DA:254,18
DA:269,5
DA:270,5
DA:271,5
DA:272,5
DA:273,5
DA:274,10
DA:275,10
DA:276,10
DA:277,10
DA:278,10
DA:279,10
DA:280,6
DA:281,6
DA:284,1
DA:285,10
DA:289,12
DA:290,12
DA:291,12
DA:292,12
DA:293,12
DA:294,12
DA:295,15
DA:296,16
DA:297,12
DA:298,8
DA:299,10
DA:300,9
DA:301,16
DA:311,13
DA:318,3
DA:319,3
DA:320,3
DA:321,3
DA:322,3
DA:323,6
DA:326,1
DA:343,2
DA:351,2
DA:352,2
DA:353,2
DA:358,2
DA:360,8
DA:361,2
DA:362,4
DA:363,5
DA:364,4
DA:365,4
DA:378,13
DA:387,4
DA:389,8
DA:396,4
DA:398,2
DA:399,3
DA:404,4
DA:405,0
DA:406,0
DA:409,4
DA:410,4
DA:411,4
DA:415,8
DA:417,1
DA:418,4
DA:420,4
DA:421,10
DA:422,4
DA:428,3
DA:433,2
DA:434,4
DA:440,2
DA:442,4
DA:446,2
DA:447,3
DA:448,4
DA:452,4
DA:453,4
DA:454,0
DA:455,0
DA:456,0
DA:457,0
DA:462,9
DA:463,9
DA:464,27
DA:465,0
DA:467,9
DA:470,7
DA:472,7
DA:476,7
DA:477,17
DA:478,17
DA:479,7
DA:482,6
DA:483,6
DA:484,3
DA:485,6
DA:486,9
DA:487,3
DA:488,9
DA:490,3
DA:493,4
DA:494,4
DA:496,4
DA:497,14
DA:498,0
DA:509,4
DA:510,4
DA:511,2
DA:512,4
DA:515,8
DA:517,15
DA:518,5
DA:519,5
DA:522,5
DA:524,1
DA:526,5
DA:527,20
DA:528,0
DA:533,4
DA:534,4
DA:535,0
DA:536,0
LF:203
LH:173
end_of_record
SF:lib/book_sources/caching/book_source_discovery_cache.dart
DA:16,22
DA:21,20
DA:31,2
DA:35,4
DA:36,2
DA:37,2
DA:38,6
DA:39,2
DA:41,2
DA:44,2
DA:48,4
DA:49,2
DA:50,2
DA:51,4
DA:52,2
DA:53,10
DA:54,2
DA:56,2
DA:58,2
DA:59,2
DA:65,2
DA:66,4
DA:67,2
DA:70,2
DA:73,2
DA:81,4
DA:82,4
DA:85,2
DA:86,2
DA:88,2
DA:89,6
DA:90,2
DA:92,2
DA:95,3
DA:96,12
DA:98,0
DA:99,0
DA:100,0
DA:106,3
DA:107,6
DA:109,3
DA:114,6
DA:115,11
DA:117,3
DA:118,2
DA:119,10
DA:121,3
DA:122,12
DA:125,4
DA:126,8
DA:128,3
DA:129,6
DA:130,12
DA:134,4
DA:135,2
DA:136,2
DA:137,2
DA:138,1
DA:139,1
DA:140,5
DA:143,2
DA:146,4
DA:147,12
DA:148,4
DA:149,4
DA:150,4
DA:151,4
DA:154,3
DA:155,3
DA:156,6
DA:157,21
DA:158,3
DA:159,15
DA:162,3
DA:163,6
LF:75
LH:72
end_of_record
SF:lib/book_sources/models/registered_book_source.dart
DA:30,39
DA:52,4
DA:56,4
DA:57,4
DA:58,4
DA:59,4
DA:61,4
DA:62,4
DA:63,4
DA:64,4
DA:65,4
DA:66,4
DA:67,4
DA:68,4
DA:69,4
DA:70,4
DA:71,4
DA:73,4
DA:77,6
DA:78,12
DA:79,6
DA:88,6
DA:89,4
DA:92,6
DA:93,6
DA:94,6
DA:95,6
DA:96,6
DA:97,6
DA:98,8
DA:103,7
DA:105,2
DA:110,12
DA:111,6
DA:112,9
DA:115,6
DA:121,6
DA:122,6
DA:123,6
DA:124,6
DA:126,3
DA:127,6
DA:128,2
DA:130,6
DA:133,6
DA:136,12
DA:137,12
DA:138,6
DA:139,12
DA:140,6
DA:141,6
DA:143,6
DA:144,6
DA:145,6
DA:148,6
DA:150,12
DA:156,24
DA:157,24
DA:158,24
DA:159,24
DA:160,36
DA:161,36
DA:162,15
DA:163,24
DA:164,30
DA:165,21
DA:166,30
DA:167,30
DA:168,24
DA:169,24
DA:170,48
DA:171,16
DA:172,24
DA:173,36
DA:174,36
DA:175,20
DA:178,7
DA:182,7
DA:183,7
DA:184,7
DA:185,7
DA:186,7
DA:187,7
DA:188,7
DA:189,7
DA:190,7
DA:191,7
DA:192,7
DA:193,7
DA:194,7
DA:195,7
DA:196,7
DA:197,7
DA:198,5
DA:199,7
DA:200,7
DA:201,3
DA:206,6
DA:207,6
DA:208,18
DA:209,2
DA:211,6
DA:214,6
DA:215,6
DA:216,6
DA:218,6
DA:219,24
DA:220,1
DA:221,1
DA:227,6
DA:228,10
DA:229,4
DA:231,16
LF:113
LH:113
end_of_record
SF:lib/book_sources/caching/book_source_response_cache_io.dart
DA:11,5
DA:16,3
DA:20,3
DA:35,3
DA:42,1
DA:55,69
DA:57,28
DA:86,2
DA:87,3
DA:89,5
DA:102,10
DA:111,0
DA:114,5
DA:115,10
DA:117,5
DA:118,10
DA:122,20
DA:126,5
DA:138,5
DA:139,0
DA:140,5
DA:141,5
DA:143,10
DA:144,9
DA:146,5
DA:147,5
DA:149,6
DA:150,3
DA:151,3
DA:154,5
DA:155,5
DA:156,2
DA:157,2
DA:160,12
DA:162,8
DA:163,8
DA:165,8
DA:166,4
DA:167,4
DA:169,4
DA:170,2
DA:172,2
DA:173,4
DA:174,4
DA:176,0
DA:180,4
DA:181,4
DA:183,4
DA:186,8
DA:192,8
DA:198,4
DA:202,2
DA:203,4
DA:204,4
DA:205,2
DA:210,5
DA:214,4
DA:222,1
DA:225,1
DA:234,1
DA:235,8
DA:238,4
DA:245,8
DA:249,8
DA:250,8
DA:255,4
DA:262,4
DA:263,4
DA:264,4
DA:266,4
DA:277,4
DA:281,4
DA:291,4
DA:292,8
DA:294,6
DA:295,4
DA:296,2
DA:297,2
DA:302,4
DA:303,4
DA:304,4
DA:305,1
DA:306,1
DA:307,1
DA:312,4
DA:323,3
DA:324,6
DA:325,4
DA:326,6
DA:327,9
DA:328,6
DA:329,6
DA:330,6
DA:332,3
DA:333,3
DA:338,6
DA:342,4
DA:343,8
DA:346,4
DA:347,16
DA:348,4
DA:349,12
DA:351,12
DA:352,9
DA:353,2
DA:354,6
DA:356,17
DA:357,2
DA:359,18
DA:360,4
DA:361,6
DA:363,8
DA:365,4
DA:366,2
DA:367,4
DA:368,0
DA:370,0
DA:371,0
DA:372,0
DA:375,0
DA:382,8
DA:386,4
DA:395,8
DA:396,4
DA:397,20
DA:398,4
DA:400,4
DA:403,8
DA:409,4
DA:417,6
DA:422,12
DA:423,6
DA:424,6
DA:426,18
DA:427,6
DA:431,3
DA:433,3
DA:435,3
DA:439,8
DA:440,24
DA:441,9
DA:442,8
DA:444,16
DA:450,7
DA:451,14
DA:452,14
DA:456,7
DA:457,14
DA:458,28
DA:459,14
DA:463,6
DA:464,24
DA:467,4
DA:468,16
DA:469,8
DA:472,2
DA:477,8
DA:478,6
DA:481,6
DA:482,18
DA:484,6
DA:485,13
DA:488,0
DA:489,17
DA:490,30
DA:491,11
DA:493,5
DA:494,9
DA:495,8
DA:496,8
DA:497,4
DA:500,5
DA:501,12
DA:503,6
DA:504,12
DA:505,6
DA:506,6
DA:507,12
DA:508,0
DA:509,12
DA:510,6
DA:511,18
DA:512,13
DA:513,6
DA:516,6
DA:517,0
DA:521,6
DA:524,6
DA:525,30
DA:526,12
DA:527,3
DA:528,12
DA:529,18
DA:530,42
DA:531,3
DA:532,2
DA:533,3
DA:537,4
DA:538,4
DA:539,2
DA:542,7
DA:545,7
DA:546,3
DA:547,2
DA:548,1
DA:549,4
DA:550,2
DA:551,2
DA:552,0
DA:555,4
DA:557,0
DA:560,2
DA:561,3
DA:563,3
DA:564,1
DA:565,1
DA:568,1
DA:569,1
DA:572,1
DA:577,6
DA:586,24
DA:588,6
DA:589,6
DA:590,9
DA:591,3
DA:593,3
DA:594,9
DA:595,3
DA:596,6
DA:597,6
DA:599,12
DA:600,9
DA:601,3
DA:602,3
DA:603,2
DA:606,5
DA:607,6
DA:608,3
DA:614,3
DA:615,3
DA:616,3
DA:617,3
DA:618,9
DA:619,9
DA:621,3
DA:622,12
DA:627,7
DA:628,12
DA:629,15
DA:630,1
DA:631,2
DA:632,2
DA:636,3
DA:637,3
DA:638,3
DA:639,3
DA:640,6
DA:642,3
DA:644,3
DA:646,3
DA:650,8
DA:651,12
DA:652,4
DA:653,0
DA:656,2
DA:657,4
DA:658,2
DA:661,2
DA:662,4
DA:663,2
DA:664,4
DA:665,4
DA:667,2
DA:668,4
DA:673,4
DA:677,3
DA:678,3
DA:679,3
DA:681,8
DA:682,2
DA:684,4
DA:692,10
DA:694,7
DA:695,7
DA:696,9
DA:697,12
DA:700,2
DA:702,4
DA:710,6
DA:731,3
LF:290
LH:276
end_of_record
SF:lib/book_sources/caching/source_cover_cache.dart
DA:26,5
DA:31,0
DA:32,0
DA:42,17
DA:54,34
DA:55,34
DA:56,34
DA:58,17
DA:60,17
DA:61,17
DA:73,34
DA:74,17
DA:76,33
DA:79,45
DA:80,9
DA:83,6
DA:84,6
DA:110,0
DA:111,3
DA:112,3
DA:113,4
DA:115,3
DA:121,3
DA:122,3
DA:124,6
DA:125,6
DA:127,0
DA:128,0
DA:130,6
DA:134,3
DA:136,3
DA:142,9
DA:145,12
DA:147,3
DA:148,6
DA:152,3
DA:160,3
DA:162,2
DA:168,4
DA:170,3
DA:171,3
DA:172,1
DA:173,3
DA:174,6
DA:175,1
DA:178,3
DA:179,3
DA:180,3
DA:181,3
DA:187,2
DA:188,2
DA:191,1
DA:194,0
DA:197,3
DA:201,3
DA:203,3
DA:205,3
DA:209,3
DA:210,9
DA:211,6
DA:214,1
DA:215,1
DA:216,1
DA:217,1
DA:218,1
DA:219,2
DA:222,3
DA:223,6
DA:224,1
DA:225,3
DA:226,3
DA:229,3
DA:232,6
DA:235,1
DA:241,1
DA:242,1
DA:243,2
DA:244,2
DA:245,1
DA:246,1
DA:250,1
DA:251,2
DA:254,1
DA:255,1
DA:256,0
DA:257,0
DA:262,0
DA:264,0
DA:266,0
DA:267,0
DA:268,0
DA:269,0
DA:270,0
DA:271,0
DA:272,0
DA:278,2
DA:279,0
DA:280,0
DA:281,0
DA:284,1
DA:285,2
DA:287,0
DA:288,0
DA:289,0
DA:292,1
DA:293,4
DA:294,5
DA:295,1
DA:296,2
DA:299,1
DA:301,1
DA:302,1
DA:310,1
DA:312,1
DA:314,0
DA:315,0
DA:316,0
DA:317,0
DA:318,0
DA:319,0
DA:320,0
DA:321,0
DA:322,0
DA:323,0
DA:324,0
DA:326,0
DA:333,1
DA:338,1
DA:339,1
DA:341,1
DA:342,1
DA:344,1
DA:345,2
DA:346,2
DA:349,1
DA:351,4
DA:352,1
DA:353,1
DA:360,0
DA:361,0
DA:366,0
DA:368,0
DA:370,0
DA:371,0
DA:372,0
DA:373,0
DA:374,0
DA:375,0
DA:376,0
DA:382,0
DA:383,0
DA:384,0
DA:390,1
DA:391,2
DA:393,0
DA:394,0
DA:395,0
DA:396,0
DA:397,0
DA:398,0
DA:399,0
DA:400,0
DA:402,3
DA:403,15
DA:408,3
DA:409,3
DA:412,9
DA:413,0
DA:414,0
DA:419,3
DA:420,6
DA:421,0
DA:422,6
DA:423,9
DA:424,9
DA:425,0
DA:426,0
DA:430,3
DA:432,3
DA:433,3
DA:434,5
DA:435,0
DA:438,1
DA:439,1
DA:446,3
DA:448,3
DA:449,6
DA:450,9
DA:451,3
DA:452,3
DA:453,6
DA:459,3
DA:460,6
DA:461,0
DA:462,0
DA:465,3
DA:466,15
DA:468,3
DA:469,6
DA:470,3
DA:471,1
DA:472,5
DA:475,3
DA:476,3
DA:477,16
DA:480,3
DA:483,3
DA:484,15
DA:486,1
DA:487,1
DA:488,1
DA:489,4
DA:490,5
DA:491,2
DA:492,2
DA:493,3
DA:494,1
DA:495,2
DA:499,2
DA:500,4
DA:501,2
DA:504,1
DA:505,2
DA:506,2
DA:507,1
DA:508,1
DA:509,1
DA:513,1
DA:514,1
DA:515,1
DA:518,3
DA:520,1
DA:521,1
DA:523,2
DA:526,1
DA:527,1
DA:529,2
DA:543,1
DA:544,2
DA:545,2
DA:546,2
DA:547,2
DA:548,2
DA:549,2
DA:550,2
DA:551,2
DA:552,2
DA:555,2
DA:556,2
DA:557,0
DA:558,0
DA:561,2
DA:562,2
DA:563,2
DA:565,2
DA:566,3
DA:567,0
LF:257
LH:189
end_of_record
SF:lib/book_sources/networking/book_source_network_policy.dart
DA:9,11
DA:26,8
DA:27,8
DA:29,3
DA:30,3
DA:33,8
DA:34,38
DA:39,16
DA:40,24
DA:41,8
DA:42,8
DA:43,16
DA:45,8
DA:46,8
DA:56,3
DA:57,3
DA:58,6
DA:59,3
DA:60,3
DA:63,0
DA:64,3
DA:68,3
DA:69,3
DA:70,9
DA:72,3
DA:73,9
DA:78,3
DA:80,6
DA:85,3
DA:86,6
DA:88,1
DA:89,1
DA:90,1
DA:91,2
DA:99,0
DA:100,0
DA:101,0
DA:103,3
DA:104,3
DA:106,0
DA:112,8
DA:117,8
DA:120,7
DA:123,7
DA:127,21
DA:131,7
DA:132,14
DA:133,7
DA:135,2
DA:139,4
DA:140,2
DA:141,2
DA:143,1
DA:144,1
DA:150,3
DA:151,4
DA:152,3
DA:158,6
DA:159,6
DA:160,12
DA:161,12
DA:162,4
DA:165,8
DA:166,8
DA:167,8
DA:168,24
DA:169,32
DA:172,7
DA:176,7
DA:177,7
DA:178,7
DA:179,7
DA:180,7
DA:181,7
DA:182,7
DA:183,9
DA:184,8
DA:186,7
DA:187,1
DA:188,7
DA:191,2
DA:192,4
DA:197,4
DA:198,8
DA:203,8
LF:85
LH:80
end_of_record
SF:lib/book_sources/source_engine/source_webview_loader.dart
DA:7,1
DA:19,1
DA:48,4
DA:54,0
DA:60,0
DA:67,0
DA:68,0
DA:73,0
DA:74,0
DA:75,0
DA:80,0
DA:83,0
DA:85,0
DA:86,0
DA:87,0
DA:92,0
DA:101,0
DA:107,0
DA:108,0
DA:116,0
DA:117,0
DA:118,0
DA:119,0
DA:120,0
DA:125,0
DA:128,0
DA:130,0
DA:131,0
DA:132,0
LF:29
LH:3
end_of_record
SF:lib/book_sources/dedupe/book_source_dedupe_engine.dart
DA:5,4
DA:7,4
DA:11,4
DA:12,4
DA:13,8
DA:14,4
DA:15,16
DA:18,16
DA:19,4
DA:20,8
DA:21,12
DA:22,8
DA:23,4
DA:24,4
DA:26,4
DA:27,4
DA:29,12
DA:30,4
DA:32,16
DA:33,8
DA:35,4
DA:36,4
DA:37,4
DA:40,4
DA:42,4
DA:47,5
DA:48,3
DA:49,3
DA:50,1
DA:52,4
DA:60,4
DA:61,4
DA:63,6
DA:64,8
DA:65,3
DA:66,7
DA:70,4
DA:71,4
DA:72,4
DA:73,8
DA:74,4
DA:75,4
DA:76,4
DA:77,11
DA:78,4
DA:79,12
DA:80,12
DA:88,4
DA:92,24
DA:95,4
DA:97,12
DA:98,3
DA:100,12
DA:101,3
DA:102,6
DA:105,6
DA:111,16
DA:112,4
DA:113,8
DA:120,4
DA:121,4
DA:123,4
DA:125,3
DA:127,1
LF:64
LH:64
end_of_record
SF:lib/book_sources/dedupe/book_source_dedupe_models.dart
DA:10,4
DA:20,4
DA:21,4
DA:22,8
DA:36,10
DA:37,8
DA:40,4
DA:41,4
DA:42,16
DA:46,4
DA:47,4
DA:48,3
DA:49,12
DA:52,4
DA:53,2
DA:55,4
DA:56,0
DA:62,4
DA:69,4
DA:70,4
DA:79,2
DA:80,4
DA:81,2
DA:85,4
DA:90,4
DA:91,4
DA:92,4
DA:99,2
DA:100,14
LF:29
LH:28
end_of_record
SF:lib/book_sources/dedupe/book_source_quality_score.dart
DA:6,4
DA:17,4
DA:20,4
DA:21,4
DA:22,7
DA:25,4
DA:26,4
DA:27,4
DA:29,16
DA:30,4
DA:31,8
DA:32,8
DA:33,12
DA:46,1
DA:47,1
DA:48,3
DA:49,0
DA:51,3
DA:52,0
DA:54,3
DA:55,0
DA:57,3
DA:58,0
DA:60,3
DA:61,1
DA:63,3
DA:64,1
DA:66,3
DA:67,1
DA:69,3
DA:70,1
DA:72,1
DA:75,4
DA:77,4
DA:78,12
DA:79,12
DA:80,12
DA:81,12
DA:82,12
DA:83,12
DA:84,12
DA:85,12
DA:86,4
DA:87,4
DA:100,4
DA:101,4
DA:102,4
DA:103,8
DA:106,4
DA:108,4
DA:109,4
DA:110,4
DA:111,4
DA:113,2
DA:114,0
DA:120,7
DA:121,4
LF:57
LH:52
end_of_record
SF:lib/book_sources/dedupe/book_source_identity.dart
DA:5,6
DA:13,6
DA:14,6
DA:15,6
DA:17,6
DA:18,6
DA:19,18
DA:20,18
DA:21,12
DA:22,2
DA:31,12
DA:32,12
DA:33,6
DA:34,6
DA:35,12
DA:36,8
DA:37,12
DA:38,6
DA:40,8
DA:42,6
DA:46,6
DA:57,9
DA:59,6
DA:60,6
DA:61,1
DA:62,3
DA:65,1
DA:68,6
DA:69,6
DA:70,14
DA:71,7
DA:74,6
DA:75,13
DA:77,6
DA:78,7
DA:80,6
DA:81,11
DA:83,9
DA:84,3
DA:89,6
DA:90,6
DA:91,5
DA:92,10
DA:93,5
DA:94,5
DA:96,5
DA:99,10
DA:100,0
DA:101,0
DA:103,5
DA:104,5
DA:107,4
DA:109,7
DA:110,6
DA:111,5
DA:113,14
DA:132,2
LF:57
LH:55
end_of_record
SF:lib/book_sources/source_engine/source_explore.dart
DA:11,4
DA:18,8
DA:28,34
DA:39,10
DA:40,20
DA:43,20
DA:44,10
DA:47,4
DA:48,8
DA:56,8
DA:57,1
DA:58,4
DA:59,12
DA:62,20
DA:63,4
DA:64,4
DA:65,8
DA:67,4
DA:68,4
DA:72,4
DA:73,0
DA:77,4
DA:78,4
DA:79,4
DA:81,4
DA:86,0
DA:89,0
DA:94,1
DA:97,1
DA:98,0
DA:104,1
DA:110,1
DA:112,2
DA:113,1
DA:117,3
DA:118,2
DA:122,2
DA:123,2
DA:124,2
DA:128,2
DA:130,1
DA:131,1
DA:136,4
DA:137,4
DA:139,12
DA:140,4
DA:141,4
DA:142,4
DA:143,16
DA:147,8
DA:148,12
DA:149,8
DA:153,8
DA:155,4
DA:156,4
DA:161,4
DA:162,8
DA:163,8
DA:164,12
DA:167,12
DA:174,4
DA:175,4
DA:176,16
DA:178,2
DA:180,0
DA:181,0
DA:182,0
DA:184,0
DA:191,24
LF:69
LH:61
end_of_record
SF:lib/book_sources/protocol/orsp/orsp_book_source_backend.dart
DA:55,22
DA:68,2
DA:70,2
DA:72,4
DA:73,6
DA:74,2
DA:80,2
DA:82,2
DA:84,0
DA:85,0
DA:89,2
DA:97,4
DA:102,6
DA:103,2
DA:104,2
DA:105,2
DA:106,2
DA:110,1
DA:111,4
DA:112,4
DA:113,2
DA:114,2
DA:115,2
DA:122,2
DA:123,4
DA:125,1
DA:126,4
DA:127,0
DA:128,0
DA:132,1
DA:136,2
DA:141,2
DA:143,2
DA:144,1
DA:147,1
DA:148,2
DA:150,2
DA:151,0
DA:152,0
DA:156,1
DA:160,2
DA:165,2
DA:167,2
DA:168,1
DA:173,1
DA:174,1
DA:180,1
DA:181,3
DA:183,1
DA:184,0
DA:185,0
DA:189,1
DA:197,2
DA:202,3
DA:203,1
DA:204,2
DA:205,2
DA:206,1
DA:207,2
DA:208,2
DA:212,2
DA:213,2
DA:214,1
DA:215,1
DA:216,1
DA:217,1
DA:221,1
DA:222,2
DA:224,2
DA:225,0
DA:226,0
DA:230,2
DA:235,2
DA:236,2
DA:237,4
DA:240,4
DA:241,4
DA:244,2
DA:245,2
DA:247,2
DA:249,4
DA:257,2
DA:258,2
DA:264,2
DA:265,2
DA:269,1
DA:273,2
DA:274,1
DA:275,2
DA:277,2
DA:278,1
DA:279,1
DA:280,2
DA:282,1
DA:288,0
DA:293,0
DA:294,0
DA:295,0
DA:296,0
DA:298,0
DA:304,2
DA:309,4
DA:310,2
DA:311,4
DA:314,2
DA:315,2
DA:317,2
DA:318,6
DA:320,2
DA:322,1
DA:323,0
DA:328,0
DA:335,0
DA:336,0
DA:337,0
DA:338,0
DA:342,0
DA:343,0
DA:344,0
DA:345,0
DA:346,0
DA:353,0
DA:357,0
DA:361,1
DA:363,2
DA:365,0
DA:368,0
DA:370,2
DA:372,6
DA:374,3
DA:375,3
DA:376,3
DA:378,3
DA:379,10
DA:384,6
DA:385,7
DA:387,2
DA:388,2
DA:391,1
DA:392,2
DA:394,1
DA:402,3
DA:406,1
DA:408,2
DA:409,0
DA:410,1
DA:411,1
DA:412,1
DA:413,2
DA:414,2
DA:417,3
DA:418,1
DA:419,2
DA:426,1
DA:428,5
DA:433,2
DA:434,2
DA:439,1
DA:441,2
DA:446,3
DA:447,1
DA:453,1
DA:457,1
DA:458,1
DA:459,1
DA:464,2
DA:465,2
DA:470,2
DA:474,2
DA:475,4
DA:476,2
DA:477,2
DA:480,2
DA:485,8
DA:493,1
DA:494,3
DA:495,1
LF:177
LH:145
end_of_record
SF:lib/book_sources/services/book_download_cancellation.dart
DA:4,4
DA:11,24
DA:12,6
DA:14,6
DA:15,6
DA:16,12
DA:17,15
DA:18,3
DA:20,12
DA:24,6
DA:25,6
DA:28,4
DA:29,4
DA:30,0
DA:33,8
DA:36,3
DA:37,6
DA:40,1
DA:41,1
DA:42,4
DA:43,1
LF:21
LH:20
end_of_record
SF:lib/book_sources/services/book_source_gateway.dart
DA:10,3
LF:1
LH:1
end_of_record
SF:lib/book_sources/protocol/orsp/orsp_http_pipeline.dart
DA:12,23
DA:30,2
DA:36,2
DA:42,4
DA:47,2
DA:50,4
DA:57,4
DA:58,0
DA:59,1
DA:60,1
DA:63,4
DA:64,8
DA:66,4
DA:67,1
DA:68,4
DA:69,4
DA:71,4
DA:75,4
DA:76,8
DA:79,4
DA:80,8
DA:81,0
DA:85,4
DA:86,8
DA:87,1
DA:90,0
DA:95,0
DA:97,0
DA:100,0
DA:102,2
DA:103,0
DA:106,1
DA:110,4
DA:119,8
DA:125,4
DA:126,4
DA:127,4
DA:130,4
DA:131,4
DA:132,2
DA:133,4
DA:134,2
DA:137,8
DA:138,8
DA:141,8
DA:142,1
DA:147,8
DA:148,4
DA:149,3
DA:157,3
DA:160,0
DA:165,2
DA:169,2
DA:170,0
DA:172,2
DA:173,0
DA:174,0
DA:175,0
DA:177,0
DA:179,0
DA:181,0
DA:188,1
DA:189,3
DA:191,0
DA:192,0
DA:194,2
DA:195,6
DA:197,1
DA:198,1
DA:199,1
DA:200,1
DA:203,3
DA:204,6
DA:205,3
DA:206,0
DA:207,6
DA:210,6
DA:211,6
DA:212,9
DA:213,6
DA:215,3
DA:219,3
DA:220,6
DA:221,6
DA:223,3
DA:224,9
DA:226,1
DA:227,1
DA:228,1
DA:229,2
DA:231,2
DA:233,1
DA:234,1
DA:235,1
DA:236,1
DA:237,1
DA:242,0
DA:243,0
DA:245,0
DA:246,0
DA:247,0
DA:248,0
DA:249,0
DA:253,0
DA:256,0
DA:257,0
DA:258,0
DA:260,0
DA:261,0
DA:263,0
DA:265,0
DA:268,0
DA:269,0
DA:270,0
DA:271,0
DA:276,1
DA:277,2
DA:278,2
DA:279,3
DA:281,0
DA:282,2
DA:284,0
DA:285,0
DA:286,0
DA:287,0
DA:288,0
DA:289,0
DA:290,0
DA:294,1
DA:295,2
DA:296,4
DA:299,1
DA:301,2
DA:303,2
DA:304,2
LF:135
LH:90
end_of_record
SF:lib/book_sources/protocol/reading_source/reading_source_backend.dart
DA:67,23
DA:82,1
DA:86,1
DA:87,3
DA:90,1
DA:95,1
DA:96,3
DA:97,2
DA:100,0
DA:102,0
DA:103,0
DA:104,0
DA:107,2
DA:115,2
DA:116,0
DA:125,0
DA:129,0
DA:130,0
DA:133,0
DA:140,0
DA:141,0
DA:149,0
DA:155,0
DA:156,0
DA:159,1
DA:165,1
DA:166,2
DA:167,1
DA:168,1
DA:170,4
DA:178,0
DA:185,0
DA:186,0
DA:187,0
DA:192,0
DA:196,1
DA:203,1
DA:204,2
DA:205,1
DA:206,1
DA:209,4
DA:218,0
DA:226,0
DA:227,0
DA:228,0
DA:234,0
DA:238,1
DA:242,2
DA:243,2
DA:244,2
DA:245,2
DA:246,1
DA:247,1
DA:251,4
DA:254,1
DA:255,2
DA:257,1
DA:259,2
DA:260,2
DA:264,1
DA:265,2
DA:266,2
DA:268,1
DA:269,2
DA:276,4
DA:277,8
DA:284,2
DA:285,2
DA:286,4
DA:290,1
DA:291,1
DA:292,2
DA:293,7
DA:294,1
DA:295,1
DA:296,4
DA:299,1
DA:300,0
LF:78
LH:53
end_of_record
SF:lib/services/core/app_settings_service.dart
DA:83,12
DA:87,11
DA:88,11
DA:90,11
DA:91,12
DA:94,2
DA:95,2
DA:96,4
DA:97,4
DA:98,6
DA:99,2
DA:100,2
DA:101,2
DA:102,1
DA:103,1
DA:104,8
DA:105,8
DA:106,4
DA:107,4
DA:110,4
DA:111,4
DA:112,8
DA:113,4
DA:114,8
DA:118,2
DA:120,4
DA:121,12
DA:122,10
DA:123,10
DA:124,2
DA:125,2
DA:126,2
DA:127,2
DA:128,2
DA:129,2
DA:130,4
DA:131,4
DA:134,24
DA:135,8
DA:136,2
DA:137,1
DA:138,1
DA:141,1
DA:142,1
DA:143,1
DA:145,1
DA:146,1
DA:147,1
DA:150,8
DA:151,8
DA:152,26
DA:155,2
DA:157,1
DA:159,2
DA:160,1
DA:161,1
DA:164,3
DA:165,9
DA:166,4
DA:167,2
DA:168,2
DA:170,6
DA:171,3
DA:172,0
DA:173,12
DA:179,4
DA:182,2
DA:183,8
DA:186,1
DA:187,2
DA:191,2
DA:192,4
DA:193,2
DA:195,2
DA:197,2
DA:199,1
DA:200,1
DA:203,1
DA:204,1
DA:209,4
DA:211,2
DA:212,2
DA:213,2
DA:216,1
DA:217,1
DA:219,0
DA:221,0
DA:225,2
DA:226,2
DA:227,4
DA:228,2
DA:231,2
DA:232,5
DA:233,1
DA:234,3
DA:238,2
DA:239,2
DA:240,3
DA:241,2
DA:242,4
DA:245,0
DA:246,0
DA:247,0
DA:249,0
DA:250,0
DA:251,0
DA:254,0
DA:255,0
DA:256,0
DA:259,0
DA:260,0
DA:261,0
DA:264,2
DA:265,4
DA:266,6
DA:268,0
DA:269,0
DA:274,2
DA:276,2
DA:277,2
DA:278,2
DA:279,2
DA:281,0
DA:282,0
DA:283,0
DA:284,0
DA:289,12
DA:290,24
DA:291,14
DA:292,6
DA:294,12
DA:295,6
DA:296,6
DA:298,2
DA:300,1
DA:301,1
DA:303,6
DA:304,1
DA:305,3
DA:306,2
DA:309,12
DA:310,6
DA:311,6
DA:312,6
DA:313,12
DA:314,6
DA:315,12
DA:316,6
DA:317,18
DA:318,6
DA:320,1
DA:321,1
DA:326,6
DA:327,6
DA:328,6
DA:330,6
DA:331,6
DA:332,6
DA:333,6
DA:334,6
DA:335,6
DA:336,6
DA:337,6
DA:338,6
DA:339,6
DA:340,12
DA:341,6
DA:344,12
DA:345,6
DA:348,12
DA:349,12
DA:352,6
DA:353,6
DA:354,6
DA:357,12
DA:360,6
DA:361,6
DA:364,6
DA:365,6
DA:366,6
DA:367,6
DA:369,6
DA:370,6
DA:371,6
DA:372,6
DA:373,6
DA:374,6
DA:380,6
DA:381,6
DA:382,6
DA:383,6
DA:385,6
DA:386,0
DA:387,0
DA:388,0
DA:390,6
DA:391,2
DA:392,2
DA:393,1
DA:394,1
DA:395,1
DA:399,2
DA:400,2
DA:403,6
DA:404,6
DA:405,6
DA:407,6
DA:408,0
DA:409,0
DA:410,0
DA:412,6
DA:413,0
DA:414,0
DA:415,0
DA:416,0
DA:417,0
DA:420,0
DA:421,0
DA:426,6
DA:427,6
DA:428,12
DA:430,0
DA:434,6
DA:435,12
DA:438,0
DA:439,0
DA:440,0
DA:441,0
DA:443,0
DA:446,0
DA:447,0
DA:448,0
DA:449,0
DA:450,0
DA:455,2
DA:456,2
DA:458,2
DA:459,2
DA:460,4
DA:461,1
DA:462,2
DA:465,1
DA:467,1
DA:469,2
DA:472,1
DA:473,1
DA:474,1
DA:475,1
DA:478,1
DA:479,1
DA:481,1
DA:482,1
DA:483,2
DA:484,1
DA:485,2
DA:488,1
DA:490,1
DA:492,2
DA:495,1
DA:496,1
DA:497,1
DA:498,1
DA:501,2
DA:502,4
DA:503,2
DA:504,2
DA:505,2
DA:506,2
DA:509,1
DA:510,1
DA:512,2
DA:513,4
DA:514,2
DA:515,2
DA:516,2
DA:517,2
DA:520,2
DA:521,4
DA:522,4
DA:523,2
DA:524,2
DA:525,2
DA:526,2
DA:529,2
DA:530,4
DA:531,4
DA:532,2
DA:533,2
DA:534,2
DA:535,2
DA:538,2
DA:541,2
DA:542,6
DA:544,4
DA:545,2
DA:546,2
DA:547,2
DA:548,2
DA:550,8
DA:554,2
DA:558,2
DA:559,2
DA:560,2
DA:562,3
DA:564,2
DA:565,2
DA:566,2
DA:567,2
DA:568,2
DA:570,6
DA:574,2
DA:575,2
DA:576,2
DA:577,2
DA:580,2
DA:582,2
DA:583,2
DA:584,2
DA:587,6
DA:588,2
DA:593,2
DA:594,4
DA:595,2
DA:596,2
DA:597,2
DA:598,4
DA:601,1
DA:602,1
DA:603,2
DA:604,1
DA:605,1
DA:606,1
DA:607,1
DA:610,1
DA:611,2
DA:612,1
DA:613,1
DA:614,1
DA:615,1
DA:618,2
DA:621,4
DA:622,2
DA:623,2
DA:624,2
DA:625,4
DA:628,2
DA:631,4
DA:632,1
DA:633,1
DA:634,1
DA:635,2
DA:638,1
DA:639,2
DA:640,1
DA:641,1
DA:642,1
DA:643,1
DA:646,1
DA:647,2
DA:648,1
DA:650,1
DA:651,1
DA:652,1
DA:655,1
DA:656,2
DA:657,1
DA:658,1
DA:659,1
DA:660,1
DA:661,2
DA:664,0
DA:665,0
DA:668,1
DA:669,2
DA:670,1
DA:672,1
DA:674,1
DA:675,0
DA:677,1
DA:678,2
DA:680,0
DA:686,0
DA:687,0
DA:688,0
DA:691,1
DA:692,1
DA:694,2
DA:695,2
DA:696,2
DA:699,2
DA:700,2
DA:701,2
DA:704,1
DA:705,2
DA:706,1
DA:709,0
DA:710,0
DA:712,12
DA:714,12
DA:715,12
DA:716,24
DA:717,12
LF:402
LH:348
end_of_record
SF:lib/book_sources/source_engine/source_login_ui.dart
DA:4,1
DA:20,0
DA:21,3
DA:23,1
DA:24,1
DA:25,1
DA:26,1
DA:27,3
DA:28,4
DA:29,2
DA:30,2
DA:31,1
DA:32,0
DA:34,2
DA:39,1
DA:41,1
DA:43,1
DA:44,0
DA:48,1
DA:49,1
DA:50,1
DA:51,5
DA:52,1
DA:56,1
DA:57,2
DA:58,1
LF:26
LH:23
end_of_record
SF:lib/book_sources/source_engine/source_runtime.dart
DA:22,9
DA:29,4
DA:31,9
DA:32,9
DA:35,9
DA:36,9
DA:39,18
DA:40,18
DA:41,18
DA:42,18
DA:43,8
DA:46,18
DA:47,12
DA:49,18
DA:50,9
DA:51,9
DA:52,9
DA:53,9
DA:54,9
DA:55,9
DA:56,6
DA:58,8
DA:61,18
DA:62,9
DA:63,9
DA:64,3
DA:66,18
DA:67,9
DA:68,9
DA:69,9
DA:70,9
DA:72,18
DA:73,9
DA:74,9
DA:75,9
DA:76,9
DA:96,0
DA:97,2
DA:98,2
DA:99,4
DA:102,6
DA:103,12
DA:104,12
DA:105,12
DA:106,6
DA:107,6
DA:108,3
DA:112,5
DA:118,10
DA:120,15
DA:127,4
DA:130,3
DA:132,6
DA:134,3
DA:139,6
DA:141,9
DA:147,0
DA:150,4
DA:154,8
DA:156,4
DA:157,8
DA:158,1
DA:159,5
DA:162,4
DA:166,8
DA:168,12
DA:173,3
DA:176,4
DA:181,8
DA:183,12
DA:189,4
DA:192,0
DA:196,0
DA:202,0
DA:203,0
DA:205,1
DA:207,2
DA:209,1
DA:212,2
LF:79
LH:73
end_of_record
SF:lib/book_sources/services/book_source_change_service.dart
DA:14,2
DA:28,2
DA:40,2
DA:54,2
DA:70,4
DA:74,1
DA:92,4
DA:94,0
DA:99,3
DA:108,3
DA:109,3
DA:111,2
DA:112,3
DA:113,3
DA:116,2
DA:117,5
DA:118,3
DA:119,3
DA:131,2
DA:132,2
DA:133,2
DA:134,6
DA:135,6
DA:138,2
DA:143,4
DA:144,2
DA:145,2
DA:149,2
DA:150,4
DA:152,2
DA:153,2
DA:155,2
DA:161,2
DA:162,1
DA:163,2
DA:164,0
DA:165,6
DA:166,2
DA:169,2
DA:170,6
DA:171,2
DA:172,0
DA:173,2
DA:177,2
DA:187,2
DA:194,2
DA:195,0
DA:196,0
DA:197,0
DA:204,6
DA:206,2
DA:208,1
DA:209,2
DA:210,4
DA:211,2
DA:214,2
DA:215,2
DA:216,2
DA:217,2
DA:218,2
DA:221,4
DA:227,2
DA:228,5
DA:229,2
DA:230,2
DA:233,2
DA:236,2
DA:237,1
DA:239,2
DA:240,1
DA:242,2
DA:246,2
DA:247,2
DA:249,4
DA:251,2
DA:252,4
DA:253,2
DA:254,2
DA:265,2
DA:266,2
DA:267,4
DA:268,8
DA:269,4
DA:270,2
DA:272,2
DA:274,3
DA:275,1
DA:279,2
DA:282,1
DA:286,2
DA:287,2
DA:288,1
DA:289,2
DA:290,2
DA:292,1
DA:293,2
DA:294,1
DA:295,1
DA:296,1
DA:298,1
DA:299,1
DA:304,1
DA:305,1
DA:306,1
DA:307,1
DA:310,1
DA:311,2
DA:312,1
DA:313,1
DA:314,1
DA:315,1
DA:317,3
DA:322,1
DA:323,1
DA:328,2
DA:329,1
DA:333,1
DA:337,2
DA:338,1
DA:339,1
DA:340,2
DA:341,1
DA:342,1
DA:344,0
DA:348,1
DA:349,2
DA:350,1
DA:351,1
DA:352,2
DA:354,2
DA:355,1
DA:356,1
DA:361,1
DA:362,2
DA:366,1
DA:367,2
DA:368,1
DA:372,0
DA:373,0
DA:374,0
DA:378,1
DA:381,1
DA:382,1
DA:383,2
DA:389,2
DA:395,2
DA:396,2
DA:397,4
DA:398,4
DA:399,4
DA:402,4
DA:403,2
DA:406,2
DA:411,2
DA:412,4
DA:413,2
DA:414,4
DA:415,2
DA:416,6
DA:419,6
DA:420,2
DA:421,2
DA:423,2
DA:427,2
DA:428,2
DA:429,2
DA:430,4
DA:431,1
DA:432,2
DA:433,1
DA:438,2
DA:440,4
DA:441,4
DA:442,1
DA:444,2
DA:445,4
DA:448,4
DA:449,1
DA:450,2
DA:451,1
DA:456,2
DA:460,2
DA:462,4
DA:463,2
DA:464,2
DA:466,4
DA:467,2
DA:468,2
DA:470,4
DA:471,2
DA:472,6
DA:475,2
DA:476,4
DA:477,1
DA:478,2
DA:482,2
DA:483,3
DA:484,2
DA:485,1
DA:486,4
DA:487,2
DA:490,2
DA:491,3
DA:492,6
DA:495,1
DA:496,3
DA:498,1
DA:499,1
DA:500,1
DA:501,1
DA:502,1
DA:503,0
DA:504,0
DA:507,1
DA:508,1
DA:509,4
DA:510,3
DA:512,2
DA:513,2
DA:514,2
DA:515,2
DA:516,1
DA:518,1
DA:521,1
DA:523,1
DA:570,2
DA:571,1
DA:572,1
DA:577,1
DA:583,1
DA:584,1
DA:585,1
DA:586,1
DA:587,1
DA:589,4
DA:590,2
DA:591,2
DA:592,3
DA:593,3
DA:595,1
DA:596,2
DA:597,4
DA:603,1
DA:604,1
DA:605,2
DA:606,3
DA:608,2
DA:609,1
DA:613,1
DA:615,0
DA:617,0
DA:620,1
DA:621,1
DA:623,1
DA:624,1
DA:627,1
DA:629,1
DA:630,2
DA:633,1
DA:653,2
DA:654,1
DA:659,0
DA:660,0
DA:665,0
DA:667,0
DA:670,2
DA:673,1
DA:675,0
DA:676,0
DA:679,0
DA:680,0
DA:681,0
LF:272
LH:249
end_of_record
SF:lib/models/book.dart
DA:55,24
DA:58,4
DA:59,4
DA:60,2
DA:61,8
DA:62,16
DA:65,27
DA:93,27
DA:97,6
DA:98,6
DA:99,6
DA:100,6
DA:101,6
DA:102,6
DA:103,6
DA:104,6
DA:105,6
DA:106,6
DA:107,12
DA:108,6
DA:109,6
DA:110,6
DA:111,6
DA:112,6
DA:113,6
DA:114,6
DA:115,6
DA:116,6
DA:117,6
DA:118,6
DA:119,6
DA:120,6
DA:121,6
DA:122,6
DA:123,6
DA:124,6
DA:125,6
DA:129,5
DA:130,5
DA:131,5
DA:132,5
DA:133,5
DA:134,5
DA:135,5
DA:136,5
DA:137,5
DA:138,7
DA:139,10
DA:140,5
DA:141,5
DA:142,5
DA:143,5
DA:144,5
DA:145,5
DA:146,5
DA:147,5
DA:148,5
DA:149,5
DA:150,5
DA:151,5
DA:152,5
DA:153,5
DA:154,5
DA:155,5
DA:156,5
DA:157,5
DA:161,5
DA:191,5
DA:192,4
DA:193,5
DA:194,5
DA:195,5
DA:196,5
DA:197,3
DA:198,4
DA:199,4
DA:200,5
DA:201,5
DA:202,5
DA:203,5
DA:204,5
DA:205,5
DA:206,5
DA:207,5
DA:208,4
DA:209,5
DA:210,5
DA:211,5
DA:212,4
DA:215,4
DA:216,4
DA:219,4
DA:220,5
DA:223,5
DA:226,5
DA:234,5
DA:235,8
DA:238,2
DA:245,0
DA:246,0
DA:249,0
LF:101
LH:98
end_of_record
SF:lib/book_sources/source_engine/source_config.dart
DA:28,13
DA:30,14
DA:31,14
DA:32,42
DA:33,39
DA:38,13
DA:43,13
DA:48,44
DA:49,44
DA:50,32
DA:51,44
DA:52,12
DA:53,44
DA:59,7
DA:60,14
DA:61,14
DA:62,7
DA:63,20
DA:64,18
DA:65,18
DA:66,24
DA:68,6
DA:69,5
DA:70,5
DA:71,5
DA:72,5
DA:73,5
DA:74,5
DA:75,11
DA:79,12
DA:80,6
DA:81,6
DA:82,6
DA:83,6
DA:84,6
DA:88,40
DA:89,44
DA:90,20
DA:91,0
DA:92,20
DA:93,20
DA:94,16
DA:95,4
DA:96,20
DA:98,33
DA:100,30
DA:102,11
DA:103,66
DA:105,11
DA:106,22
DA:107,11
DA:108,40
DA:110,12
DA:112,1
DA:113,0
DA:114,0
DA:116,1
DA:123,10
DA:124,10
DA:129,10
DA:130,20
DA:131,12
DA:133,1
DA:134,1
DA:141,10
DA:149,8
DA:150,5
DA:152,47
DA:153,25
DA:154,28
DA:155,28
DA:156,42
DA:157,4
DA:158,4
DA:161,10
DA:162,9
DA:163,10
DA:164,10
DA:165,10
DA:166,10
DA:167,10
DA:175,10
DA:176,9
DA:178,10
DA:179,10
DA:180,30
DA:181,10
DA:182,48
DA:184,2
DA:185,6
DA:186,2
DA:187,6
DA:193,4
DA:194,8
DA:195,12
DA:199,10
DA:204,6
DA:208,4
DA:210,10
DA:212,10
DA:213,10
DA:214,10
DA:215,10
DA:216,10
DA:219,2
DA:220,20
DA:221,4
DA:223,10
DA:224,1
DA:226,36
DA:227,5
DA:229,20
DA:230,10
DA:231,10
DA:232,10
DA:233,10
DA:236,10
DA:237,10
DA:238,10
DA:239,20
DA:240,30
DA:241,10
DA:242,10
DA:243,10
DA:244,10
DA:245,10
DA:246,0
DA:248,10
DA:249,10
DA:250,10
DA:251,10
DA:252,1
DA:254,10
DA:255,0
DA:257,10
DA:258,0
DA:269,20
DA:272,8
DA:275,10
DA:277,10
DA:283,2
DA:298,2
DA:303,4
DA:304,2
DA:305,2
DA:306,2
DA:312,2
DA:317,2
DA:318,2
DA:319,2
DA:320,2
DA:321,2
DA:322,2
DA:323,2
DA:324,4
DA:325,0
DA:326,0
DA:329,4
DA:330,4
DA:332,2
DA:333,8
DA:336,2
DA:338,1
DA:339,1
DA:341,2
DA:342,1
DA:343,1
DA:344,1
DA:352,4
DA:353,0
DA:355,2
DA:356,2
DA:357,2
DA:359,6
DA:360,2
DA:361,2
DA:362,3
DA:366,2
DA:367,8
DA:369,2
DA:370,6
DA:371,4
DA:372,2
DA:373,8
DA:376,2
DA:377,4
DA:378,2
DA:379,2
DA:380,2
DA:385,10
DA:386,10
DA:387,20
DA:388,20
DA:389,20
DA:390,20
DA:392,10
DA:393,3
DA:394,1
DA:399,41
DA:401,11
DA:402,16
DA:403,10
DA:407,13
DA:408,65
DA:410,13
DA:411,52
DA:414,1
DA:415,1
DA:429,3
DA:430,1
DA:431,2
DA:433,2
DA:434,1
DA:435,1
DA:436,1
DA:437,1
DA:438,1
LF:217
LH:208
end_of_record
SF:lib/book_sources/services/book_source_client.dart
DA:21,21
DA:30,21
DA:31,21
DA:39,21
DA:42,21
DA:44,1
DA:48,1
DA:62,30
DA:64,0
DA:66,0
DA:68,0
DA:73,0
DA:74,0
DA:77,0
DA:79,0
DA:80,0
DA:83,0
DA:84,0
DA:86,0
DA:93,1
DA:94,1
DA:96,2
DA:98,6
DA:100,4
DA:108,8
DA:109,9
DA:117,9
DA:126,2
DA:128,4
DA:133,4
DA:135,8
DA:139,1
DA:141,3
DA:142,2
DA:143,0
DA:145,3
DA:148,1
DA:155,2
DA:161,1
DA:162,2
DA:163,0
DA:170,3
DA:180,2
DA:186,4
DA:187,0
DA:193,6
DA:196,1
DA:202,2
DA:203,0
DA:209,3
DA:212,0
DA:219,0
DA:220,0
DA:227,0
DA:234,2
DA:241,4
DA:242,0
DA:249,6
DA:256,0
DA:264,0
DA:265,0
DA:273,0
DA:281,1
DA:289,1
DA:300,2
DA:302,4
DA:303,4
DA:304,3
DA:308,0
DA:312,0
DA:313,0
DA:314,0
DA:315,0
DA:316,0
DA:321,2
DA:323,6
DA:326,2
DA:327,6
DA:328,2
LF:79
LH:49
end_of_record
SF:lib/book_sources/services/book_source_reading_progress.dart
DA:11,5
DA:18,5
DA:19,5
DA:20,10
DA:21,10
DA:22,10
DA:23,5
DA:25,10
DA:26,0
DA:30,10
DA:31,5
DA:32,5
DA:33,10
DA:34,15
DA:41,4
DA:43,6
DA:47,6
DA:48,12
DA:49,5
DA:51,5
DA:52,5
DA:53,5
DA:59,5
DA:64,5
DA:65,5
DA:66,5
DA:67,10
DA:71,1
DA:75,1
DA:76,2
DA:79,6
DA:80,18
LF:32
LH:31
end_of_record
SF:lib/book_sources/services/book_source_shelf_service.dart
DA:23,2
DA:30,6
DA:35,0
DA:36,0
DA:49,1
DA:50,1
DA:51,1
DA:52,3
DA:53,1
DA:54,1
DA:55,2
DA:56,2
DA:58,1
DA:61,3
DA:63,4
DA:64,2
DA:65,2
DA:66,2
DA:67,3
DA:69,2
DA:71,1
DA:74,13
DA:80,13
DA:82,12
DA:83,9
DA:85,13
DA:94,9
DA:95,9
DA:96,9
DA:97,17
DA:100,4
DA:104,8
DA:106,1
DA:110,1
DA:111,1
DA:112,1
DA:115,1
DA:116,1
DA:117,1
DA:118,1
DA:122,1
DA:123,1
DA:124,2
DA:125,2
DA:128,2
DA:129,2
DA:130,1
DA:133,0
DA:140,0
DA:141,0
DA:142,0
DA:143,0
DA:146,0
DA:148,0
DA:151,1
DA:159,2
DA:165,2
DA:166,3
DA:167,1
DA:168,1
DA:171,2
DA:172,1
DA:173,1
DA:174,2
DA:175,2
DA:177,2
DA:178,2
DA:182,1
DA:188,1
DA:189,1
DA:190,2
DA:192,1
DA:193,1
DA:196,1
DA:197,1
DA:198,1
DA:205,1
DA:206,3
DA:207,1
DA:208,1
DA:209,1
DA:210,1
DA:211,4
DA:214,1
DA:215,4
DA:219,2
DA:222,1
DA:225,2
DA:226,1
DA:228,1
DA:229,3
DA:230,1
DA:231,1
DA:232,4
DA:233,1
DA:234,2
DA:235,2
DA:237,1
DA:238,1
DA:239,1
DA:240,1
DA:241,2
DA:242,2
DA:243,2
DA:244,2
DA:245,3
DA:249,1
DA:250,1
DA:251,2
DA:255,1
DA:256,3
DA:258,3
DA:259,1
DA:260,3
DA:261,1
DA:262,1
DA:264,1
DA:266,0
DA:267,1
DA:269,0
DA:270,1
DA:273,1
DA:278,2
DA:285,0
DA:289,1
DA:290,1
DA:291,1
DA:294,2
DA:295,0
DA:298,1
DA:299,2
DA:300,0
DA:301,3
DA:302,1
DA:303,1
DA:304,1
DA:305,1
DA:308,1
DA:310,2
DA:311,2
DA:314,2
DA:315,2
DA:319,1
DA:320,1
DA:321,1
DA:322,1
DA:324,1
DA:326,1
DA:327,1
DA:328,2
DA:329,2
DA:332,2
DA:333,2
DA:334,1
DA:337,2
DA:338,2
DA:344,4
DA:345,2
DA:346,2
DA:349,2
DA:350,2
DA:352,2
DA:354,4
DA:355,6
DA:360,4
DA:361,6
DA:366,2
DA:367,2
DA:370,2
DA:377,3
DA:379,3
DA:381,2
DA:382,4
DA:383,0
DA:384,0
DA:387,2
DA:388,2
DA:389,0
DA:390,0
DA:393,8
DA:396,1
DA:398,2
DA:399,2
DA:400,1
DA:401,4
DA:404,1
DA:406,5
DA:407,1
DA:408,1
DA:410,1
DA:411,3
DA:412,1
DA:413,1
DA:415,0
DA:416,2
DA:417,1
DA:419,0
DA:420,0
DA:426,1
DA:427,4
DA:428,0
DA:429,0
DA:431,0
DA:432,0
DA:433,0
DA:434,0
DA:435,0
DA:438,0
DA:439,0
DA:443,0
DA:444,0
DA:446,0
DA:447,0
DA:448,0
DA:451,1
DA:457,2
DA:458,1
DA:459,2
DA:460,1
DA:461,1
DA:463,1
DA:465,3
DA:471,1
DA:472,1
DA:473,1
DA:475,1
DA:477,3
LF:227
LH:192
end_of_record
SF:lib/book_sources/services/book_source_chapter_text.dart
DA:15,9
DA:31,3
DA:36,12
DA:37,9
DA:40,6
DA:41,2
DA:42,6
DA:44,3
DA:45,6
DA:48,2
DA:49,4
DA:50,0
DA:55,3
DA:60,14
DA:62,2
DA:63,2
DA:66,1
DA:68,1
DA:69,1
DA:70,1
DA:71,1
DA:72,1
DA:73,1
DA:77,1
DA:78,0
DA:79,0
DA:83,1
DA:84,1
DA:85,1
DA:86,1
DA:87,1
DA:88,1
DA:89,1
DA:90,1
DA:92,1
DA:95,9
DA:100,3
DA:101,3
DA:102,3
DA:109,1
DA:110,2
DA:111,1
DA:112,1
DA:114,1
DA:115,4
DA:116,2
DA:117,1
DA:120,1
DA:121,2
DA:122,1
DA:123,2
DA:124,1
DA:125,2
DA:126,1
DA:129,2
DA:130,1
DA:133,2
DA:134,1
DA:141,2
DA:142,3
DA:143,2
DA:144,2
DA:150,2
DA:151,1
DA:155,1
DA:156,0
DA:157,0
DA:162,3
DA:167,3
DA:168,9
DA:169,3
DA:170,6
DA:171,3
DA:172,9
DA:174,3
DA:175,9
DA:178,1
DA:179,5
DA:180,1
DA:182,1
DA:185,3
DA:186,6
DA:187,6
DA:188,3
LF:84
LH:79
end_of_record
SF:lib/core/reader/reader_text_characters.dart
DA:5,16
DA:6,16
DA:7,16
DA:8,16
DA:9,16
DA:10,16
DA:11,16
DA:12,16
DA:14,15
DA:15,45
DA:16,30
DA:17,12
DA:18,12
DA:21,30
DA:24,3
DA:25,3
DA:28,6
DA:29,3
DA:30,3
DA:31,3
DA:34,6
DA:35,3
DA:38,6
DA:45,15
DA:46,15
DA:47,15
DA:48,15
DA:49,15
DA:50,15
DA:51,29
DA:52,15
DA:53,15
DA:54,15
DA:55,15
DA:56,15
DA:57,15
LF:36
LH:36
end_of_record
SF:lib/book_sources/services/book_source_text_paginator.dart
DA:7,4
DA:8,4
DA:9,4
DA:10,4
DA:11,12
DA:12,8
DA:14,2
DA:15,2
DA:16,3
DA:17,4
DA:21,5
DA:22,3
DA:23,2
DA:24,3
DA:26,4
DA:27,1
DA:28,3
DA:29,2
DA:33,3
DA:47,3
DA:51,3
DA:55,3
DA:69,2
DA:70,2
LF:24
LH:24
end_of_record
SF:lib/book_sources/services/book_source_client_resources.dart
DA:15,22
DA:26,22
DA:42,22
DA:43,22
DA:47,64
DA:49,22
DA:50,22
DA:58,22
DA:59,22
DA:62,21
DA:69,22
DA:70,22
DA:74,22
DA:96,11
DA:97,11
DA:98,11
DA:99,22
DA:100,44
DA:101,33
DA:104,21
DA:105,21
DA:106,21
DA:116,42
DA:117,21
DA:120,44
DA:121,22
DA:132,10
DA:133,10
DA:138,22
DA:149,4
DA:151,11
DA:152,23
LF:32
LH:32
end_of_record
SF:lib/book_sources/services/book_source_health_check_service.dart
DA:11,4
DA:15,3
DA:34,1
DA:39,1
DA:40,1
DA:41,2
DA:43,1
DA:44,1
DA:48,1
DA:50,1
DA:51,2
DA:52,1
DA:54,2
DA:55,2
DA:59,1
DA:60,2
DA:64,1
DA:65,6
DA:67,3
DA:68,1
DA:72,1
DA:73,2
DA:74,1
DA:75,2
DA:93,1
DA:98,2
DA:99,1
DA:100,1
DA:101,2
DA:102,2
DA:103,0
DA:106,1
DA:109,1
DA:110,3
DA:111,1
DA:114,2
DA:115,1
DA:116,1
DA:118,1
DA:119,2
DA:121,1
DA:123,1
DA:124,1
DA:125,2
DA:126,1
DA:128,1
DA:129,2
DA:132,0
DA:134,1
DA:135,2
DA:139,1
DA:140,1
DA:141,2
DA:142,2
DA:145,3
DA:146,4
LF:56
LH:54
end_of_record
SF:lib/book_sources/source_engine/source_health_checker.dart
DA:15,4
DA:29,12
DA:43,4
DA:44,4
DA:45,8
DA:46,8
DA:51,2
DA:54,2
DA:55,3
DA:57,8
DA:58,28
DA:59,28
DA:60,12
DA:61,8
DA:62,4
DA:65,4
DA:66,4
DA:67,8
DA:68,8
DA:70,16
DA:71,0
DA:72,6
DA:73,8
DA:81,4
DA:84,8
DA:85,4
DA:87,4
DA:88,16
DA:98,4
DA:102,4
DA:103,4
DA:104,4
DA:105,8
DA:118,5
DA:132,2
DA:133,1
DA:135,1
DA:138,2
DA:142,4
DA:148,2
DA:151,4
DA:154,6
DA:155,1
DA:158,2
DA:159,1
DA:161,2
DA:162,2
DA:163,2
DA:164,4
DA:165,2
DA:170,2
DA:178,4
DA:179,2
DA:181,4
DA:182,4
DA:183,14
DA:186,2
DA:190,4
DA:191,2
DA:193,2
DA:194,2
DA:196,4
DA:199,4
DA:200,14
DA:204,1
DA:210,2
DA:213,2
DA:215,2
DA:216,2
DA:219,0
DA:223,2
DA:226,2
DA:228,2
DA:229,2
DA:231,2
DA:233,0
DA:237,2
DA:239,2
DA:241,2
DA:242,4
DA:243,2
DA:245,6
DA:249,1
DA:254,4
DA:255,4
DA:257,8
DA:258,8
DA:259,12
DA:262,4
LF:89
LH:86
end_of_record
SF:lib/book_sources/services/book_source_registry.dart
DA:22,2
DA:32,11
DA:37,12
DA:38,6
DA:39,15
DA:44,6
DA:46,4
DA:47,4
DA:52,12
DA:56,5
DA:59,5
DA:63,5
DA:69,5
DA:70,5
DA:71,8
DA:72,8
DA:73,4
DA:75,1
DA:76,2
DA:79,5
DA:80,5
DA:85,1
DA:86,1
DA:87,1
DA:89,1
DA:90,4
DA:91,1
DA:93,4
DA:94,1
DA:99,2
DA:100,2
DA:101,2
DA:102,1
DA:104,1
DA:105,1
DA:112,2
DA:113,1
DA:114,0
DA:115,2
DA:118,5
DA:119,10
DA:120,10
DA:121,17
DA:122,5
DA:123,2
DA:128,10
DA:129,10
DA:131,0
DA:132,0
DA:133,0
DA:137,4
DA:138,2
DA:139,2
DA:140,2
DA:141,2
DA:142,2
DA:143,2
DA:144,2
DA:145,2
DA:146,2
DA:147,2
DA:148,2
DA:149,2
DA:150,2
DA:151,2
DA:152,2
DA:153,2
DA:154,2
DA:155,2
DA:156,2
DA:159,5
DA:161,5
DA:176,2
DA:179,2
DA:180,4
DA:181,4
DA:182,2
DA:183,6
DA:184,6
DA:186,4
DA:187,2
DA:188,2
DA:190,4
DA:191,2
DA:194,2
DA:196,10
DA:197,10
DA:198,6
DA:200,1
DA:203,4
DA:206,2
DA:207,2
DA:208,2
DA:209,2
DA:210,2
DA:211,2
DA:212,2
DA:213,2
DA:214,2
DA:215,2
DA:216,2
DA:217,2
DA:218,2
DA:219,2
DA:220,2
DA:221,6
DA:222,2
DA:223,2
DA:224,2
DA:227,2
DA:229,2
DA:231,2
DA:235,2
DA:236,4
DA:237,2
DA:238,4
DA:239,4
DA:240,2
DA:245,2
DA:247,2
DA:248,2
DA:254,2
DA:258,4
DA:259,2
DA:260,2
DA:261,2
DA:262,2
DA:263,2
DA:265,6
DA:270,2
DA:273,1
DA:274,2
DA:275,1
DA:276,4
DA:277,1
DA:278,1
DA:282,0
DA:283,0
DA:284,0
DA:285,0
DA:286,0
DA:287,0
DA:288,0
DA:292,0
DA:296,0
DA:297,0
DA:298,0
DA:299,0
DA:300,0
DA:301,0
DA:302,0
DA:304,0
DA:305,0
DA:313,1
DA:316,2
DA:317,2
DA:318,1
DA:319,1
DA:320,1
DA:322,0
DA:324,1
DA:328,5
DA:329,5
DA:330,5
DA:332,10
DA:334,1
DA:338,10
DA:339,5
DA:342,5
DA:344,15
DA:345,5
DA:346,10
DA:347,5
DA:348,0
DA:349,10
DA:350,10
DA:351,2
DA:352,2
DA:353,0
DA:358,1
DA:360,4
DA:361,4
DA:364,5
DA:367,17
DA:368,5
DA:369,10
DA:370,5
DA:373,6
DA:374,12
DA:375,6
DA:376,6
DA:378,2
DA:379,1
DA:383,6
DA:384,6
DA:385,12
DA:387,6
DA:388,6
DA:392,2
DA:393,4
DA:394,4
DA:395,6
DA:396,6
DA:399,0
DA:402,1
DA:405,1
DA:406,1
DA:407,3
DA:408,2
DA:410,2
DA:412,4
DA:415,1
DA:416,1
DA:418,4
DA:421,4
DA:423,4
DA:424,4
DA:425,4
DA:426,8
DA:427,4
DA:429,4
DA:430,16
DA:432,8
DA:437,12
DA:444,4
DA:445,8
DA:446,3
DA:450,6
DA:453,3
DA:454,3
DA:455,3
DA:456,3
DA:457,3
DA:459,3
DA:461,0
DA:468,0
DA:469,0
LF:237
LH:209
end_of_record
SF:lib/book_sources/services/book_source_import_analyzer.dart
DA:13,2
DA:19,2
DA:20,2
DA:22,2
DA:26,1
DA:27,1
DA:40,2
DA:41,2
DA:45,2
DA:46,4
DA:48,2
DA:49,8
DA:54,4
DA:55,1
DA:56,2
DA:57,3
DA:58,2
DA:62,2
DA:67,1
DA:75,0
DA:77,0
DA:78,0
DA:79,0
DA:80,0
DA:81,0
DA:85,0
DA:87,0
DA:91,1
DA:92,1
DA:95,1
DA:99,1
DA:103,2
DA:104,1
DA:105,2
DA:110,1
DA:113,1
DA:114,1
DA:115,2
DA:118,1
DA:121,1
DA:126,2
DA:131,2
DA:132,0
DA:133,0
DA:136,3
DA:137,1
DA:138,4
DA:142,0
DA:143,1
DA:144,1
DA:151,1
DA:153,2
DA:155,1
LF:53
LH:42
end_of_record
SF:lib/book_sources/source_engine/source_import_service.dart
DA:16,2
DA:22,2
DA:23,2
DA:25,2
DA:29,2
DA:30,2
DA:35,2
DA:51,1
DA:52,6
DA:54,1
DA:55,4
DA:56,6
DA:57,0
DA:59,1
DA:60,3
DA:62,1
DA:63,1
DA:64,1
DA:65,1
DA:66,1
DA:70,0
DA:71,0
DA:72,2
DA:73,0
DA:74,0
DA:75,0
DA:76,0
DA:77,4
DA:78,1
DA:79,4
DA:80,1
DA:81,4
DA:82,1
DA:83,4
DA:84,1
DA:85,5
DA:87,1
DA:88,8
DA:90,0
DA:91,0
DA:98,2
DA:99,1
DA:100,2
DA:101,2
DA:104,1
DA:109,0
DA:110,0
DA:111,0
DA:112,0
DA:113,0
DA:114,0
DA:115,0
DA:116,0
DA:117,0
DA:118,0
DA:119,0
DA:120,0
DA:124,0
DA:125,0
DA:130,2
DA:132,2
DA:133,6
DA:134,2
DA:135,2
DA:136,2
DA:138,2
DA:139,2
DA:140,2
DA:141,1
DA:142,1
DA:145,2
DA:146,2
DA:147,2
DA:151,2
DA:152,2
DA:157,2
DA:166,2
DA:167,2
DA:173,4
DA:174,2
DA:179,2
DA:180,2
DA:199,2
DA:200,4
DA:201,8
DA:204,1
DA:205,2
DA:207,1
DA:208,4
DA:211,1
DA:214,0
DA:215,0
DA:218,0
DA:219,0
DA:222,1
DA:223,1
DA:224,1
DA:232,0
DA:233,0
DA:236,1
DA:237,1
DA:240,1
DA:241,2
DA:246,1
DA:247,0
DA:248,0
DA:249,0
DA:252,1
DA:259,1
DA:263,2
DA:265,1
DA:266,4
DA:270,1
DA:276,1
DA:277,2
DA:278,2
DA:282,1
DA:288,1
DA:289,0
DA:290,0
DA:293,2
DA:294,3
DA:297,1
DA:298,1
DA:299,2
DA:300,3
DA:301,1
DA:302,1
DA:304,3
DA:306,2
DA:307,2
DA:308,2
DA:310,2
DA:313,1
DA:316,1
DA:321,1
DA:322,2
DA:324,1
DA:326,1
DA:327,2
DA:328,3
DA:332,1
DA:333,5
DA:335,1
DA:338,1
DA:340,1
DA:341,2
DA:347,1
DA:348,1
DA:349,1
DA:350,1
DA:352,1
DA:354,1
DA:357,1
DA:358,2
DA:361,1
DA:362,2
DA:363,0
DA:369,1
DA:370,1
DA:371,2
DA:372,2
DA:377,0
DA:382,0
DA:384,0
DA:386,0
DA:387,0
DA:396,1
DA:397,1
DA:398,1
DA:399,1
DA:407,5
DA:413,0
DA:416,0
DA:417,0
DA:419,0
DA:420,0
DA:421,0
DA:423,0
DA:424,0
DA:425,0
DA:426,0
DA:428,0
DA:429,0
DA:430,0
DA:432,0
DA:434,0
LF:187
LH:132
end_of_record
SF:lib/book_sources/services/book_source_maintenance_coordinator.dart
DA:11,2
DA:19,6
DA:24,6
DA:32,6
DA:37,6
DA:51,6
DA:52,1
DA:53,4
DA:59,2
DA:60,0
DA:67,4
DA:69,2
DA:70,4
DA:72,2
DA:73,2
DA:74,4
DA:76,2
DA:77,6
DA:78,2
DA:79,2
DA:80,2
DA:83,2
DA:85,2
DA:89,2
DA:90,0
DA:91,0
DA:104,4
DA:106,1
DA:107,1
DA:108,1
DA:109,1
DA:112,1
DA:119,6
DA:121,2
DA:122,2
DA:123,2
DA:124,3
DA:125,1
DA:126,3
DA:130,2
DA:131,2
DA:132,2
DA:136,2
DA:137,2
DA:138,2
DA:143,0
DA:144,0
DA:145,0
DA:154,2
DA:155,6
DA:158,0
DA:159,0
DA:160,0
DA:163,2
DA:164,12
DA:166,2
DA:167,2
DA:168,2
DA:169,2
DA:172,2
DA:174,2
DA:175,2
DA:176,2
LF:63
LH:54
end_of_record
SF:lib/book_sources/services/book_source_registry_storage.dart
DA:13,4
DA:15,5
DA:16,5
DA:18,4
DA:19,4
LF:5
LH:5
end_of_record
SF:lib/book_sources/services/book_source_registry_storage_io.dart
DA:10,5
DA:11,15
DA:13,0
DA:14,0
DA:15,0
DA:16,0
DA:20,5
DA:21,5
DA:23,0
DA:24,0
DA:25,0
DA:26,0
DA:27,0
DA:32,4
DA:33,4
DA:36,0
DA:37,0
DA:38,0
DA:39,0
DA:40,0
DA:41,0
DA:42,0
DA:43,0
DA:44,0
DA:45,0
DA:47,0
DA:48,0
DA:51,0
DA:52,0
DA:56,0
DA:58,0
DA:60,0
DA:62,0
DA:63,0
DA:72,0
DA:73,0
DA:74,0
DA:75,0
DA:76,0
DA:79,0
LF:40
LH:6
end_of_record
SF:lib/book_sources/services/book_source_search_settings.dart
DA:17,5
DA:36,1
DA:41,1
DA:43,1
DA:45,1
DA:46,1
DA:50,2
DA:51,2
DA:55,1
DA:56,3
DA:61,2
DA:67,4
DA:74,1
DA:75,1
DA:77,1
DA:79,2
DA:80,1
DA:82,1
DA:83,2
DA:85,2
DA:86,1
DA:89,1
DA:90,1
DA:91,1
DA:92,2
DA:93,1
DA:95,2
DA:97,2
LF:28
LH:28
end_of_record
SF:lib/services/books/book_dao.dart
DA:42,2
DA:44,4
DA:45,4
DA:47,0
DA:51,4
DA:53,8
DA:54,2
DA:59,7
DA:61,0
DA:69,1
DA:70,1
DA:72,2
DA:73,3
DA:75,1
DA:77,2
DA:78,1
DA:80,3
DA:81,3
DA:82,0
DA:83,1
DA:84,1
DA:85,3
DA:86,1
DA:89,1
DA:92,2
DA:93,1
DA:94,1
DA:95,1
DA:99,3
DA:100,1
DA:101,1
DA:105,1
DA:106,2
DA:107,1
DA:108,1
DA:115,2
DA:118,0
DA:124,0
DA:125,0
DA:127,0
DA:129,0
DA:133,0
DA:135,0
DA:136,0
DA:139,0
DA:143,1
DA:145,2
DA:146,1
DA:147,2
DA:149,0
DA:153,1
DA:155,2
DA:156,1
DA:159,1
DA:161,1
DA:162,2
DA:166,0
DA:170,2
DA:174,4
DA:175,0
DA:178,0
DA:181,0
DA:184,0
DA:185,0
DA:186,0
DA:188,0
DA:190,0
DA:194,0
DA:196,0
DA:197,0
DA:199,0
DA:201,0
DA:203,0
DA:204,0
DA:207,0
DA:211,0
DA:213,0
DA:214,0
DA:217,0
DA:221,0
DA:222,0
DA:223,0
DA:226,0
DA:228,0
DA:230,0
DA:231,0
DA:235,0
DA:236,0
DA:239,0
DA:241,0
DA:250,0
DA:251,0
DA:255,0
DA:256,0
DA:257,0
DA:259,0
DA:264,0
DA:265,0
DA:266,0
DA:267,0
DA:268,0
DA:269,0
DA:270,0
DA:274,0
DA:277,0
DA:281,0
DA:283,0
DA:284,0
DA:285,0
DA:286,0
DA:291,0
DA:293,0
DA:294,0
DA:296,0
DA:298,0
DA:300,0
DA:301,0
DA:304,0
DA:309,0
DA:311,0
DA:312,0
DA:314,0
DA:316,0
DA:318,0
DA:319,0
DA:322,0
DA:331,0
DA:334,0
DA:335,0
DA:338,0
DA:340,0
DA:341,0
DA:345,0
DA:349,0
DA:354,0
DA:355,0
DA:358,0
DA:361,0
DA:364,0
DA:366,0
DA:367,0
DA:370,0
DA:373,0
DA:376,0
DA:378,0
DA:379,0
DA:380,0
DA:387,0
DA:388,0
DA:389,0
DA:392,0
DA:395,0
DA:396,0
DA:399,0
DA:400,0
DA:404,0
DA:412,0
DA:418,0
DA:429,2
DA:438,4
DA:439,2
DA:444,4
DA:447,0
DA:450,2
DA:452,2
DA:456,2
DA:458,2
DA:459,1
DA:462,2
LF:169
LH:55
end_of_record
SF:lib/services/books/cover_generator_service.dart
DA:20,3
DA:28,3
DA:29,3
DA:30,3
DA:35,12
DA:37,3
DA:38,3
DA:39,3
DA:40,3
DA:41,3
DA:43,0
DA:45,6
DA:49,1
DA:57,0
DA:58,3
DA:59,1
DA:61,2
DA:62,2
DA:63,1
DA:64,2
DA:65,1
DA:66,1
DA:67,2
DA:69,2
DA:73,1
DA:75,2
DA:76,2
DA:77,1
DA:78,4
DA:84,7
DA:88,7
DA:89,7
DA:90,7
DA:97,7
DA:99,7
DA:100,35
DA:103,7
DA:104,28
DA:105,28
DA:107,7
DA:108,7
DA:109,14
DA:110,14
DA:111,14
DA:112,14
DA:114,28
DA:116,7
DA:118,7
DA:119,14
DA:120,14
DA:121,14
DA:122,14
DA:124,7
DA:125,21
DA:127,14
DA:134,14
DA:135,7
DA:136,35
DA:137,35
DA:138,7
DA:139,21
DA:140,28
DA:142,7
DA:144,7
DA:145,14
DA:146,14
DA:147,14
DA:148,14
DA:150,7
DA:151,14
DA:153,14
DA:162,3
DA:164,15
DA:170,4
DA:221,7
DA:222,21
DA:223,28
DA:227,7
DA:239,7
DA:240,7
DA:242,7
DA:257,14
DA:260,56
DA:261,0
DA:262,21
DA:265,7
DA:266,21
DA:267,7
DA:268,21
DA:270,0
DA:273,7
DA:274,21
DA:275,7
DA:276,7
DA:277,7
DA:278,7
DA:279,7
DA:280,7
DA:281,7
DA:282,7
DA:285,21
DA:287,0
DA:290,7
DA:291,14
DA:293,7
DA:294,2
DA:295,1
DA:296,0
DA:299,7
DA:302,7
DA:304,14
DA:305,7
DA:306,14
LF:113
LH:107
end_of_record
SF:lib/services/library/library_event_bus_service.dart
DA:7,21
DA:8,14
DA:9,7
DA:13,12
DA:15,3
DA:16,6
DA:17,6
DA:21,0
DA:22,0
LF:9
LH:7
end_of_record
SF:lib/core/reader/native_text_paginator.dart
DA:31,24
DA:32,12
DA:33,12
DA:34,12
DA:35,12
DA:36,12
DA:41,12
DA:59,11
DA:60,11
DA:62,11
DA:63,11
DA:64,11
DA:66,11
DA:67,11
DA:68,11
DA:69,11
DA:76,11
DA:84,22
DA:85,22
DA:86,22
DA:102,11
DA:116,11
DA:122,8
DA:123,11
DA:124,22
DA:125,22
DA:126,11
DA:130,11
DA:132,22
DA:133,11
DA:134,22
DA:135,0
DA:136,0
DA:137,0
DA:139,0
DA:140,0
DA:141,0
DA:146,0
DA:147,0
DA:148,0
DA:149,0
DA:150,0
DA:151,0
DA:152,0
DA:153,0
DA:159,21
DA:160,11
DA:167,11
DA:175,11
DA:176,22
DA:177,33
DA:178,20
DA:179,20
DA:180,10
DA:181,20
DA:182,0
DA:183,10
DA:184,30
DA:185,40
DA:187,3
DA:199,33
DA:201,44
DA:202,21
DA:203,11
DA:204,11
DA:208,11
DA:209,11
DA:215,44
DA:216,55
DA:217,32
DA:218,70
DA:223,11
DA:230,44
DA:232,11
DA:233,11
DA:234,22
DA:235,33
DA:236,22
DA:237,11
DA:238,22
DA:239,11
DA:248,33
DA:249,11
DA:251,18
DA:254,11
DA:255,11
DA:256,44
DA:257,44
DA:260,11
DA:261,22
DA:262,44
DA:266,33
DA:267,22
DA:271,11
DA:276,33
DA:279,11
DA:281,11
DA:285,0
DA:287,0
DA:289,0
DA:293,11
DA:300,33
DA:301,11
DA:303,11
DA:310,0
DA:311,0
DA:318,11
DA:325,11
DA:326,22
DA:327,33
DA:328,22
DA:329,22
DA:330,22
DA:331,11
DA:333,11
DA:341,11
DA:342,33
DA:343,18
DA:347,0
DA:348,0
DA:349,0
DA:350,0
DA:352,0
DA:355,10
DA:356,10
DA:357,30
DA:363,11
DA:365,22
DA:367,22
DA:368,22
DA:369,9
DA:371,22
DA:372,11
DA:373,11
DA:374,8
DA:379,0
DA:381,12
LF:137
LH:111
end_of_record
SF:lib/core/reader/reader_text_pagination.dart
DA:15,8
DA:16,24
DA:21,7
DA:25,21
DA:29,14
DA:39,28
DA:41,28
DA:42,28
DA:43,28
DA:45,56
DA:46,28
DA:49,7
DA:75,2
DA:80,5
DA:84,30
DA:85,5
DA:86,5
DA:88,5
DA:90,8
DA:92,1
DA:93,4
DA:96,2
DA:97,2
DA:99,0
DA:101,2
DA:102,12
DA:105,8
DA:109,8
DA:111,3
DA:113,1
DA:114,0
DA:115,0
DA:118,7
DA:119,7
DA:120,7
DA:123,1
DA:124,2
DA:125,2
DA:126,1
DA:127,2
DA:142,9
DA:157,9
DA:159,18
DA:160,18
DA:178,9
DA:193,9
DA:195,3
DA:197,9
DA:206,18
DA:207,2
DA:208,1
DA:209,1
DA:212,2
DA:220,27
DA:221,5
DA:222,5
DA:223,5
DA:225,10
DA:227,10
DA:233,18
DA:238,4
DA:239,8
DA:240,8
DA:241,4
DA:242,8
DA:250,9
DA:254,9
DA:255,9
DA:259,9
DA:260,9
DA:261,18
DA:262,36
DA:263,18
DA:264,18
DA:266,9
DA:267,9
DA:268,9
DA:269,9
DA:274,18
DA:275,36
DA:276,54
DA:277,26
DA:278,56
DA:283,2
DA:284,2
DA:285,4
DA:286,4
DA:287,2
DA:288,2
DA:289,2
DA:290,2
DA:291,4
DA:292,4
DA:294,2
LF:94
LH:91
end_of_record
SF:lib/book_sources/source_engine/rules/source_rule_engine.dart
DA:20,15
DA:24,6
DA:26,3
DA:29,2
DA:35,2
DA:37,0
DA:39,2
DA:41,2
DA:43,2
DA:44,6
DA:45,1
DA:46,1
DA:47,1
DA:50,2
DA:52,4
DA:53,6
DA:56,6
DA:62,6
DA:64,0
DA:66,6
DA:68,4
DA:70,6
DA:71,18
DA:72,0
DA:73,0
DA:74,0
DA:77,6
DA:79,12
DA:80,18
DA:83,2
DA:90,2
DA:92,2
DA:99,2
DA:101,4
DA:108,2
DA:109,6
DA:110,1
DA:111,4
DA:113,2
DA:117,2
DA:118,6
DA:119,2
DA:120,2
DA:121,2
DA:123,1
DA:124,1
DA:129,3
DA:130,0
DA:131,0
DA:132,2
DA:133,1
DA:139,2
DA:140,1
DA:141,1
DA:142,1
DA:150,6
DA:159,6
DA:161,4
DA:170,6
DA:172,4
DA:181,6
DA:182,18
DA:183,1
DA:184,12
DA:186,6
DA:190,6
DA:191,18
DA:192,6
DA:193,6
DA:194,6
DA:196,2
DA:197,2
DA:202,6
DA:203,0
DA:204,0
DA:205,4
DA:206,1
DA:212,6
DA:213,5
DA:214,5
DA:215,5
DA:223,4
DA:225,8
DA:226,1
DA:227,3
DA:229,1
DA:237,1
DA:239,2
DA:240,1
DA:242,0
DA:249,7
DA:250,7
DA:251,2
DA:252,2
DA:253,6
DA:254,6
DA:255,0
DA:256,0
DA:257,0
DA:258,0
DA:262,2
DA:268,2
DA:269,2
DA:270,2
DA:272,2
DA:274,2
DA:276,1
DA:277,4
DA:278,2
DA:279,3
DA:281,1
DA:282,3
DA:283,2
DA:284,4
DA:286,2
DA:287,2
DA:288,1
DA:290,4
DA:291,1
DA:293,6
DA:294,2
DA:296,2
DA:297,0
DA:298,2
DA:301,6
DA:307,6
DA:308,6
DA:309,6
DA:311,6
DA:313,6
DA:315,6
DA:316,6
DA:317,6
DA:318,1
DA:319,2
DA:322,2
DA:323,6
DA:324,7
DA:325,4
DA:327,6
DA:328,6
DA:329,0
DA:331,12
DA:332,0
DA:334,18
DA:335,2
DA:337,6
DA:338,0
DA:339,6
DA:342,7
DA:343,7
DA:344,7
DA:345,2
DA:347,14
DA:348,2
DA:353,7
DA:354,21
DA:355,12
DA:356,1
DA:357,1
DA:358,1
DA:359,1
DA:360,0
DA:361,0
DA:362,0
DA:363,1
DA:364,1
DA:365,1
DA:371,1
DA:372,1
DA:374,3
DA:375,0
DA:376,0
DA:381,6
DA:382,24
DA:383,6
DA:384,12
DA:385,6
DA:386,24
DA:387,24
DA:388,1
LF:181
LH:158
end_of_record
SF:lib/book_sources/source_engine/scripting/source_script_contract.dart
DA:6,7
DA:50,5
DA:58,5
DA:59,5
DA:60,5
DA:61,5
DA:62,5
DA:63,0
DA:64,5
DA:65,0
DA:66,5
DA:67,5
DA:68,5
DA:69,5
DA:70,5
DA:71,5
DA:72,5
DA:73,5
DA:74,5
DA:75,5
DA:82,2
DA:102,1
DA:105,1
DA:106,1
DA:107,1
DA:108,1
DA:109,1
DA:110,1
DA:111,1
DA:112,1
DA:113,1
DA:118,6
DA:134,4
DA:135,2
DA:136,2
DA:137,2
DA:138,2
DA:139,2
DA:140,2
DA:145,3
DA:159,4
DA:160,2
DA:161,2
DA:162,2
DA:163,2
DA:164,2
DA:169,3
DA:189,0
DA:192,0
LF:49
LH:45
end_of_record
SF:lib/book_sources/source_engine/source_request_template.dart
DA:14,10
DA:45,9
DA:52,9
DA:53,9
DA:56,18
DA:61,18
DA:66,9
DA:74,9
DA:75,9
DA:76,9
DA:78,3
DA:79,3
DA:80,12
DA:81,6
DA:82,0
DA:89,9
DA:90,9
DA:92,0
DA:101,45
DA:107,36
DA:109,9
DA:110,2
DA:111,2
DA:112,1
DA:113,1
DA:116,9
DA:117,2
DA:127,9
DA:129,9
DA:130,13
DA:131,8
DA:132,12
DA:133,0
DA:134,0
DA:137,8
DA:139,9
DA:142,1
DA:143,1
DA:144,1
DA:146,0
DA:147,0
DA:153,1
DA:156,1
DA:161,2
DA:162,3
DA:163,1
DA:164,2
DA:169,2
DA:170,1
DA:171,1
DA:174,1
DA:177,30
DA:178,9
DA:180,18
DA:181,27
DA:182,27
DA:187,27
DA:188,8
DA:194,36
DA:195,9
DA:196,0
DA:197,0
DA:200,9
DA:201,10
DA:202,2
DA:203,2
DA:205,9
DA:208,9
DA:211,18
DA:212,36
DA:213,18
DA:214,1
DA:215,18
DA:216,0
DA:224,7
DA:225,7
DA:226,8
DA:227,7
DA:228,14
DA:229,7
DA:230,2
DA:237,9
DA:238,9
DA:239,0
DA:240,0
DA:241,0
DA:242,0
DA:243,0
DA:244,0
DA:246,0
DA:247,0
DA:248,0
DA:249,0
DA:253,0
DA:254,0
DA:255,0
DA:256,0
DA:258,0
DA:264,10
DA:266,23
DA:269,13
DA:272,3
DA:274,3
DA:275,2
DA:276,2
DA:277,4
DA:278,2
DA:279,2
DA:282,2
DA:286,6
DA:287,2
DA:289,0
DA:293,2
DA:294,0
DA:298,2
DA:300,0
DA:303,2
DA:305,2
DA:308,2
DA:309,0
DA:311,2
DA:315,4
DA:320,27
DA:321,27
DA:325,6
LF:125
LH:97
end_of_record
SF:lib/book_sources/source_engine/rules/source_rule_html.dart
DA:19,7
DA:24,35
DA:25,7
DA:27,21
DA:28,14
DA:29,21
DA:30,7
DA:36,14
DA:37,7
DA:39,0
DA:42,7
DA:48,35
DA:49,7
DA:50,9
DA:51,27
DA:52,12
DA:54,14
DA:55,28
DA:57,14
DA:58,15
DA:67,7
DA:68,14
DA:69,14
DA:75,7
DA:80,7
DA:81,7
DA:82,14
DA:83,7
DA:84,2
DA:86,6
DA:87,1
DA:88,1
DA:89,1
DA:91,0
DA:92,0
DA:97,14
DA:98,1
DA:100,21
DA:101,1
DA:102,1
DA:104,1
DA:108,1
DA:111,0
DA:112,0
DA:117,14
DA:118,7
DA:119,3
DA:120,4
DA:122,7
DA:123,7
DA:124,1
DA:125,1
DA:126,1
DA:127,1
DA:128,1
DA:129,3
DA:130,2
DA:133,7
DA:134,6
DA:135,10
DA:136,6
DA:137,2
DA:140,1
DA:145,1
DA:146,1
DA:147,1
DA:148,1
DA:149,2
DA:150,1
DA:154,2
DA:155,2
DA:156,2
DA:157,2
DA:158,1
DA:159,1
DA:160,0
DA:162,1
DA:165,2
DA:166,1
DA:167,1
DA:168,3
DA:170,1
DA:171,2
DA:172,2
DA:173,1
DA:174,2
DA:177,4
DA:179,1
DA:180,1
DA:181,1
DA:183,0
DA:186,2
DA:187,2
DA:188,2
DA:194,1
DA:199,2
DA:201,0
DA:202,0
DA:203,0
DA:204,0
DA:205,0
DA:207,1
DA:215,3
DA:219,7
DA:220,7
DA:222,12
DA:224,21
LF:107
LH:95
end_of_record
SF:lib/book_sources/source_engine/rules/source_rule_interpolation.dart
DA:23,7
DA:35,2
DA:40,4
DA:41,2
DA:42,4
DA:43,1
DA:44,2
DA:45,1
DA:50,2
DA:52,2
DA:55,2
DA:60,2
DA:61,6
DA:69,2
DA:74,2
DA:75,4
DA:76,2
DA:77,6
DA:83,6
DA:88,12
DA:89,6
DA:90,12
DA:91,0
DA:92,0
DA:93,0
DA:98,0
DA:100,0
DA:103,6
DA:108,6
DA:109,18
DA:117,6
DA:122,6
DA:123,12
DA:124,6
DA:125,18
DA:131,1
DA:132,3
DA:135,1
DA:136,2
DA:137,1
DA:138,3
DA:140,1
DA:143,2
DA:144,1
DA:147,0
DA:151,1
DA:152,1
DA:154,1
DA:156,2
DA:157,3
DA:158,1
DA:159,1
DA:160,1
DA:161,0
DA:163,1
DA:166,2
DA:167,1
DA:168,0
DA:169,1
DA:171,0
DA:172,0
DA:173,0
DA:178,1
DA:180,2
DA:181,1
LF:65
LH:54
end_of_record
SF:lib/book_sources/source_engine/rules/source_rule_json.dart
DA:13,3
DA:18,3
DA:19,8
DA:20,0
DA:25,3
DA:26,3
DA:27,3
DA:28,3
DA:30,3
DA:31,3
DA:32,15
DA:34,0
DA:35,0
DA:39,0
DA:40,0
DA:41,0
DA:42,0
DA:43,0
DA:44,0
DA:45,0
DA:46,0
DA:47,0
DA:48,0
DA:49,0
DA:50,0
DA:51,0
DA:52,0
DA:53,0
DA:54,0
DA:56,0
DA:57,0
DA:66,3
DA:67,7
DA:68,2
LF:34
LH:13
end_of_record
SF:lib/book_sources/source_engine/rules/source_rule_parser.dart
DA:2,7
DA:14,3
DA:26,2
DA:33,7
DA:49,2
DA:54,1
DA:61,7
DA:62,7
DA:65,7
DA:67,2
DA:68,6
DA:69,2
DA:70,4
DA:71,6
DA:72,6
DA:73,6
DA:75,2
DA:76,2
DA:77,4
DA:78,2
DA:82,7
DA:83,7
DA:84,7
DA:85,12
DA:89,7
DA:94,7
DA:99,21
DA:100,7
DA:105,7
DA:110,2
DA:113,21
DA:117,23
DA:118,23
DA:119,14
DA:120,4
DA:121,6
DA:122,2
DA:123,6
DA:126,14
DA:130,2
DA:131,4
DA:132,2
DA:133,2
DA:134,2
DA:135,0
DA:140,7
DA:141,7
DA:142,7
DA:143,7
DA:147,7
DA:148,7
DA:149,3
DA:150,2
DA:151,2
DA:152,4
DA:156,3
DA:157,6
DA:158,3
DA:159,6
DA:163,7
DA:164,7
DA:165,21
DA:166,2
DA:167,2
DA:168,6
DA:169,4
DA:170,3
DA:175,7
DA:176,7
DA:178,14
DA:180,2
DA:181,2
DA:184,7
DA:186,7
DA:188,2
DA:189,2
DA:190,2
DA:192,1
DA:193,1
DA:198,14
DA:201,2
DA:202,2
DA:203,8
DA:204,2
DA:205,4
DA:209,7
DA:210,1
DA:213,7
DA:215,7
DA:216,7
DA:224,1
DA:225,1
DA:226,2
DA:227,1
DA:228,1
DA:229,5
DA:230,2
DA:231,2
DA:232,2
DA:235,4
DA:236,4
DA:237,2
DA:238,2
DA:243,2
DA:248,4
DA:249,2
DA:250,2
DA:251,6
DA:252,6
DA:253,4
DA:254,4
DA:255,6
DA:256,0
DA:258,3
DA:259,2
DA:262,1
DA:263,2
DA:264,1
DA:267,2
DA:268,1
DA:274,7
DA:275,7
DA:277,6
DA:278,6
DA:279,12
DA:280,18
DA:281,24
DA:283,11
DA:284,12
DA:285,6
DA:288,1
DA:289,1
DA:290,1
DA:292,4
DA:294,2
DA:295,2
DA:296,4
DA:302,2
DA:303,3
DA:305,0
DA:307,0
DA:309,14
DA:311,14
DA:313,7
DA:314,7
DA:315,14
DA:316,8
LF:147
LH:143
end_of_record
SF:lib/book_sources/source_engine/rules/source_rule_port.dart
DA:8,7
DA:14,2
DA:16,7
DA:22,7
DA:23,14
DA:25,3
DA:26,3
DA:31,0
DA:35,7
DA:36,7
DA:49,1
DA:54,1
DA:70,4
DA:72,5
DA:77,5
DA:78,5
DA:79,5
DA:80,10
DA:86,5
DA:87,5
LF:20
LH:19
end_of_record
SF:lib/book_sources/source_engine/rules/source_rule_regex.dart
DA:6,1
DA:7,1
DA:8,4
DA:13,1
DA:14,3
DA:15,2
DA:16,3
DA:17,2
DA:22,1
DA:23,3
DA:24,2
DA:27,2
DA:28,1
DA:29,1
DA:30,1
DA:31,1
DA:32,1
DA:34,4
DA:35,1
DA:37,0
DA:45,2
DA:46,4
DA:47,5
DA:48,2
DA:49,2
DA:50,1
DA:55,0
DA:56,0
DA:58,0
DA:59,0
DA:60,0
DA:61,0
DA:65,7
DA:67,7
DA:68,10
DA:69,7
DA:70,14
DA:71,2
DA:72,2
DA:75,1
DA:76,2
DA:77,0
DA:78,0
DA:80,0
DA:83,3
DA:84,3
DA:85,3
DA:86,3
LF:48
LH:38
end_of_record
SF:lib/book_sources/source_engine/rules/source_rule_script.dart
DA:10,3
DA:18,0
DA:22,0
DA:24,0
DA:28,0
DA:30,0
DA:35,0
DA:36,0
DA:37,0
DA:38,0
DA:42,0
DA:47,0
DA:48,0
DA:49,0
DA:52,0
DA:54,0
DA:58,1
DA:64,3
DA:65,0
DA:66,2
DA:69,1
DA:72,2
DA:76,2
DA:84,6
DA:85,0
DA:86,4
DA:89,2
DA:94,4
DA:98,1
DA:103,3
DA:104,0
DA:105,0
DA:106,2
DA:107,3
DA:108,1
DA:109,2
DA:111,1
DA:112,1
DA:115,0
DA:116,0
DA:119,2
DA:124,6
DA:125,1
DA:126,0
DA:129,0
DA:131,4
DA:132,6
DA:133,1
DA:134,2
DA:136,1
DA:137,1
DA:140,1
DA:141,1
DA:144,2
DA:150,6
DA:151,1
DA:152,6
DA:153,4
DA:155,6
DA:156,2
DA:157,4
DA:159,2
DA:160,2
DA:162,2
DA:163,0
DA:165,2
DA:167,2
DA:168,2
DA:169,2
DA:170,2
DA:178,2
DA:186,6
DA:187,2
DA:188,4
DA:191,2
DA:195,4
DA:197,6
DA:198,1
DA:199,2
DA:201,1
DA:202,1
DA:206,2
DA:207,0
DA:209,2
DA:211,2
DA:212,2
DA:213,2
DA:214,2
DA:222,1
DA:227,2
DA:228,5
DA:231,1
DA:236,2
DA:241,4
DA:242,10
DA:245,2
DA:250,2
DA:255,4
DA:256,2
DA:262,2
DA:264,4
DA:268,2
DA:273,4
DA:274,2
DA:280,2
DA:282,4
DA:286,2
DA:290,2
DA:291,2
DA:293,2
DA:294,2
DA:295,2
DA:298,1
DA:300,1
DA:301,1
DA:302,1
DA:306,3
DA:312,3
DA:313,3
DA:314,3
DA:316,3
DA:317,3
DA:318,3
DA:319,3
DA:320,3
DA:321,2
DA:322,3
DA:323,3
DA:324,3
DA:325,3
DA:326,3
DA:327,3
DA:328,3
DA:329,3
DA:334,3
DA:335,12
DA:336,3
DA:337,6
DA:338,3
DA:339,12
DA:340,12
DA:341,1
LF:142
LH:117
end_of_record
SF:lib/book_sources/source_engine/rules/source_rule_xpath.dart
DA:6,1
DA:17,1
DA:22,1
DA:23,2
DA:24,0
DA:27,3
DA:28,0
DA:31,1
DA:32,1
DA:33,1
DA:35,3
DA:36,1
DA:37,2
DA:38,0
DA:39,0
DA:41,2
DA:42,3
DA:43,2
DA:44,2
DA:45,0
DA:46,0
DA:47,0
DA:54,2
DA:55,2
DA:56,1
DA:61,0
DA:62,0
DA:64,2
DA:65,1
DA:66,1
DA:67,1
DA:69,3
DA:73,1
DA:74,2
DA:75,2
DA:76,1
DA:77,1
DA:78,1
DA:79,3
DA:82,2
DA:83,1
DA:85,0
DA:88,1
DA:89,1
DA:92,2
DA:93,1
DA:95,1
DA:96,2
DA:98,1
DA:103,2
DA:104,1
DA:106,1
DA:107,2
DA:109,1
DA:110,1
DA:111,1
DA:112,1
DA:113,2
DA:116,1
DA:118,2
DA:119,1
DA:121,1
DA:123,2
DA:125,3
DA:126,1
DA:127,1
DA:128,4
DA:129,1
DA:130,1
DA:131,1
DA:138,1
DA:139,6
DA:142,2
DA:143,1
DA:145,1
DA:147,4
DA:148,1
DA:153,1
DA:155,1
DA:157,0
DA:158,0
DA:164,1
DA:166,1
DA:168,4
DA:171,1
DA:173,1
DA:175,0
DA:178,1
DA:180,3
DA:185,1
DA:187,1
DA:189,0
DA:190,0
DA:195,2
DA:196,2
DA:197,4
DA:208,1
DA:209,2
DA:211,2
DA:212,5
DA:215,0
DA:218,1
DA:219,2
DA:221,2
DA:227,1
DA:228,7
DA:230,2
DA:231,1
DA:232,4
DA:233,3
DA:234,1
LF:111
LH:95
end_of_record
SF:lib/book_sources/source_engine/scripting/source_script_bootstrap.dart
DA:10,0
DA:12,3
DA:17,6
DA:18,3
DA:19,1
DA:20,6
DA:21,3
DA:22,0
DA:23,3
DA:25,6
DA:26,6
DA:27,6
DA:28,6
DA:29,6
DA:30,6
DA:31,12
DA:32,6
DA:33,6
DA:34,12
DA:35,3
DA:36,6
DA:37,6
DA:38,6
DA:39,6
DA:40,6
DA:42,6
DA:43,3
DA:44,3
DA:47,6
DA:48,3
DA:49,6
DA:50,1
DA:51,1
DA:52,2
DA:54,6
DA:56,12
DA:57,3
DA:58,3
DA:59,3
DA:63,3
DA:68,3
DA:69,12
DA:70,6
DA:71,6
DA:73,3
DA:74,3
DA:75,3
DA:633,3
DA:648,3
DA:655,3
DA:656,3
DA:657,3
DA:659,13
DA:661,3
DA:662,2
DA:669,2
DA:670,2
DA:672,3
DA:676,3
DA:677,3
DA:678,0
DA:680,3
DA:682,1
DA:683,1
DA:684,5
DA:686,0
LF:66
LH:62
end_of_record
SF:lib/book_sources/source_engine/scripting/source_script_network_guard.dart
DA:30,4
DA:31,4
DA:32,2
DA:39,2
DA:45,1
DA:51,3
DA:53,1
DA:54,3
DA:55,1
DA:56,1
DA:57,1
DA:58,5
DA:59,2
DA:61,2
DA:64,1
DA:65,3
DA:66,2
DA:67,2
DA:68,5
DA:69,1
DA:72,10
DA:73,3
DA:74,1
DA:75,5
DA:76,1
DA:79,1
DA:80,0
DA:81,0
DA:82,0
DA:83,0
DA:91,1
DA:92,4
DA:93,2
DA:94,2
DA:95,3
DA:96,3
DA:97,1
DA:98,0
DA:99,0
DA:102,1
DA:103,2
DA:104,2
DA:107,10
DA:108,2
DA:109,2
DA:110,1
DA:113,2
DA:114,2
DA:123,1
DA:125,3
DA:126,1
DA:127,1
DA:128,1
DA:129,3
DA:130,1
DA:131,1
DA:132,1
DA:133,1
DA:134,2
DA:135,2
DA:138,1
DA:140,2
DA:141,2
DA:145,1
DA:146,3
DA:147,7
DA:148,2
DA:149,5
DA:152,1
DA:154,1
DA:157,5
DA:158,1
DA:160,4
DA:161,2
DA:167,1
DA:171,1
DA:172,5
DA:176,2
DA:179,6
DA:181,3
DA:182,2
DA:186,1
DA:187,2
DA:188,2
DA:189,7
DA:190,1
DA:192,3
DA:195,1
DA:197,2
DA:198,2
DA:199,4
DA:200,1
DA:203,8
DA:204,0
DA:205,0
DA:208,8
DA:209,3
DA:210,2
DA:218,1
DA:221,2
DA:222,2
DA:223,2
DA:224,0
DA:227,1
DA:228,0
DA:229,0
DA:232,1
DA:233,0
DA:234,0
DA:237,2
DA:238,1
DA:239,1
DA:240,1
DA:242,1
DA:247,1
DA:248,1
DA:249,2
DA:250,2
DA:251,4
DA:252,1
DA:255,2
DA:256,1
DA:258,0
DA:262,3
DA:264,3
LF:125
LH:111
end_of_record
SF:lib/book_sources/source_engine/scripting/source_script_state.dart
DA:2,1
DA:17,1
DA:18,2
DA:20,2
DA:21,2
DA:24,2
DA:27,1
DA:28,2
DA:29,2
DA:33,3
DA:34,6
DA:37,2
DA:38,2
DA:39,8
DA:42,0
DA:43,0
DA:45,0
LF:17
LH:14
end_of_record
SF:lib/book_sources/source_engine/scripting/source_script_crypto_api.dart
DA:9,4
DA:11,1
DA:12,3
DA:14,4
DA:15,1
DA:16,1
DA:17,3
DA:18,1
DA:19,2
DA:20,1
DA:23,1
DA:24,2
DA:25,2
DA:26,2
DA:27,2
DA:28,1
DA:29,2
DA:30,2
DA:31,0
DA:32,0
DA:38,0
DA:39,0
DA:40,0
DA:42,0
DA:43,0
DA:44,0
DA:46,0
DA:47,0
DA:52,0
DA:53,0
DA:54,0
DA:55,0
DA:56,0
DA:58,0
DA:59,0
DA:60,0
DA:61,0
DA:62,0
DA:65,1
DA:66,2
DA:67,1
DA:68,1
DA:70,1
DA:71,1
DA:72,3
DA:73,2
DA:74,4
DA:76,2
DA:79,0
DA:80,0
DA:81,0
DA:82,0
DA:83,0
DA:85,0
DA:88,1
DA:89,1
DA:90,1
DA:91,1
DA:92,2
DA:93,0
DA:94,0
DA:98,0
DA:99,0
DA:100,0
DA:101,0
DA:102,0
DA:104,0
DA:105,0
DA:106,0
DA:107,0
DA:110,0
DA:113,1
DA:114,3
DA:116,1
DA:117,2
DA:119,4
DA:120,4
DA:121,1
DA:122,2
DA:123,2
DA:124,4
DA:125,0
DA:126,1
DA:128,1
DA:131,1
DA:133,0
DA:134,2
DA:135,1
DA:137,1
DA:142,1
DA:144,0
DA:145,0
DA:148,0
DA:149,0
DA:151,0
DA:152,0
DA:153,0
DA:155,0
DA:156,0
DA:157,0
DA:158,0
DA:160,0
DA:163,1
DA:169,1
DA:170,2
DA:171,3
DA:172,3
DA:173,3
DA:174,1
DA:175,2
DA:176,2
DA:177,3
DA:178,0
DA:182,3
DA:185,1
DA:186,2
DA:187,2
DA:188,2
DA:189,2
DA:190,2
DA:191,1
DA:193,2
DA:194,2
DA:196,1
DA:204,3
DA:205,2
DA:206,2
DA:207,0
DA:208,0
DA:212,0
DA:216,1
DA:223,1
DA:226,2
DA:227,0
DA:228,1
DA:230,0
DA:231,0
DA:233,1
DA:235,1
DA:236,1
DA:238,1
DA:239,1
DA:240,1
DA:242,1
DA:244,1
DA:246,1
DA:247,2
DA:248,1
DA:250,1
DA:255,1
DA:258,0
DA:260,0
DA:261,0
DA:264,0
DA:267,0
DA:268,0
DA:269,0
DA:270,0
DA:272,0
DA:273,0
DA:274,0
DA:275,0
DA:277,0
DA:282,1
DA:283,1
DA:284,1
DA:285,6
DA:288,3
DA:291,1
DA:292,2
DA:293,2
DA:295,2
DA:296,0
DA:297,0
DA:298,0
DA:299,0
DA:300,0
DA:303,0
LF:178
LH:100
end_of_record
SF:lib/book_sources/source_engine/scripting/source_script_dom_api.dart
DA:13,3
DA:17,1
DA:22,2
DA:23,2
DA:24,2
DA:25,0
DA:29,1
DA:34,1
DA:35,2
DA:36,3
DA:37,1
DA:39,3
DA:40,1
DA:41,2
DA:43,1
DA:44,2
DA:45,2
DA:46,2
DA:47,0
DA:48,0
DA:50,1
DA:53,1
DA:54,1
DA:55,2
DA:56,3
DA:57,1
DA:58,1
DA:59,2
DA:60,2
DA:61,1
DA:62,1
DA:64,1
DA:65,1
DA:66,1
DA:67,2
DA:68,3
DA:72,0
DA:74,1
DA:77,0
DA:78,0
DA:79,0
DA:80,0
DA:81,0
DA:82,0
DA:83,0
DA:84,0
DA:86,0
DA:87,0
DA:88,0
DA:89,0
DA:90,0
DA:94,1
DA:96,1
DA:97,0
DA:99,0
DA:101,1
DA:103,3
LF:57
LH:38
end_of_record
SF:lib/book_sources/source_engine/scripting/source_script_engine.dart
DA:16,3
DA:17,3
DA:18,3
DA:19,12
DA:26,1
DA:28,1
DA:31,3
DA:33,3
DA:34,3
DA:40,3
DA:41,3
DA:42,10
DA:46,3
DA:50,3
DA:51,3
DA:54,6
DA:56,3
DA:62,3
DA:63,4
DA:68,2
DA:74,8
DA:75,2
DA:77,2
DA:78,4
DA:83,2
DA:89,4
DA:90,2
DA:95,4
DA:96,0
DA:98,6
DA:106,3
DA:112,6
DA:118,3
DA:119,9
DA:120,3
DA:121,3
DA:122,3
DA:124,2
DA:125,2
DA:126,2
DA:128,2
DA:129,1
DA:130,2
DA:133,6
DA:135,6
DA:139,3
DA:145,3
DA:146,3
DA:149,9
DA:150,6
DA:151,6
DA:152,4
DA:155,6
DA:156,3
DA:157,8
DA:159,3
DA:160,4
DA:162,1
DA:165,6
DA:166,3
DA:167,4
DA:169,3
DA:170,4
DA:172,1
DA:175,6
DA:176,6
DA:177,3
DA:180,6
DA:181,5
DA:182,8
DA:185,6
DA:186,5
DA:187,8
DA:190,3
DA:191,0
DA:192,0
DA:193,0
DA:198,3
DA:199,6
DA:203,2
DA:209,2
LF:81
LH:77
end_of_record
SF:lib/book_sources/source_engine/scripting/source_script_host_api.dart
DA:13,3
DA:14,3
DA:25,3
DA:30,3
DA:31,3
DA:32,3
DA:33,9
DA:36,3
DA:37,3
DA:38,3
DA:39,3
DA:42,3
DA:43,6
DA:45,3
DA:46,3
DA:47,6
DA:48,6
DA:49,3
DA:52,3
DA:53,3
DA:54,3
DA:55,3
DA:56,3
DA:57,3
DA:58,3
DA:59,3
DA:60,3
DA:61,3
DA:62,3
DA:63,3
DA:64,3
DA:65,3
DA:66,3
DA:67,5
DA:68,3
DA:69,3
DA:70,3
DA:71,3
DA:72,5
DA:73,3
DA:74,3
DA:75,3
DA:76,6
DA:77,4
DA:78,4
DA:79,4
DA:80,4
DA:81,4
DA:82,4
DA:83,4
DA:84,4
DA:85,4
DA:86,4
DA:87,5
DA:88,4
DA:93,1
DA:94,1
DA:95,2
DA:96,3
DA:97,2
DA:100,1
DA:101,2
DA:102,3
DA:103,1
DA:104,3
DA:107,1
DA:108,1
DA:109,3
DA:110,3
DA:111,4
DA:115,1
DA:116,1
DA:117,2
DA:118,3
DA:119,2
DA:123,1
DA:124,1
DA:125,2
DA:126,2
DA:127,1
DA:128,4
DA:129,3
DA:130,1
DA:131,1
DA:133,4
DA:138,1
DA:139,1
DA:140,1
DA:141,4
DA:144,1
DA:145,1
DA:146,1
DA:147,3
DA:151,1
DA:152,1
DA:153,2
DA:154,5
DA:158,1
DA:159,1
DA:160,1
DA:161,5
DA:164,1
DA:165,1
DA:166,1
DA:167,4
DA:171,1
DA:172,3
DA:173,1
DA:176,1
DA:177,3
DA:178,3
DA:179,5
DA:185,2
DA:186,2
DA:188,6
DA:189,8
DA:190,6
DA:191,1
DA:192,1
DA:193,6
DA:194,6
DA:195,1
DA:196,1
DA:197,2
DA:198,2
DA:199,2
DA:200,5
DA:203,4
DA:204,4
DA:205,4
DA:206,2
DA:208,2
DA:219,2
DA:220,6
DA:221,8
DA:222,8
DA:223,8
DA:224,6
DA:225,0
DA:226,0
DA:227,4
DA:228,4
DA:230,2
DA:231,6
DA:232,2
DA:234,2
DA:236,2
DA:248,3
DA:251,6
DA:254,6
DA:255,2
DA:256,2
DA:257,4
DA:258,3
DA:259,5
DA:262,2
DA:263,4
DA:264,6
DA:265,4
DA:266,4
DA:268,4
DA:275,2
DA:278,2
DA:280,2
DA:283,6
DA:284,2
DA:285,4
DA:286,2
DA:287,2
DA:288,2
DA:292,2
DA:293,4
DA:295,4
DA:296,4
DA:297,2
DA:298,4
DA:305,1
DA:306,2
DA:307,0
LF:179
LH:176
end_of_record
SF:lib/book_sources/source_engine/source_cookie_utils.dart
DA:1,4
DA:2,6
DA:3,3
DA:4,6
DA:5,3
DA:6,3
DA:7,6
DA:8,3
DA:9,12
LF:9
LH:9
end_of_record
SF:lib/book_sources/source_engine/scripting/source_script_text_api.dart
DA:6,4
DA:8,1
DA:9,3
DA:11,2
DA:12,3
DA:13,1
DA:14,2
DA:15,2
DA:21,1
DA:22,2
DA:24,1
DA:25,2
DA:27,1
DA:28,1
DA:29,1
DA:30,2
DA:31,2
DA:33,1
DA:222,3
DA:223,1
DA:224,5
DA:227,3
DA:228,5
DA:231,1
DA:232,2
DA:253,3
DA:254,1
DA:255,1
DA:256,1
DA:257,1
DA:258,4
DA:260,0
DA:261,0
DA:266,2
DA:267,4
LF:35
LH:33
end_of_record
SF:lib/book_sources/source_engine/source_concurrency_limiter.dart
DA:17,6
DA:22,6
DA:25,1
DA:26,2
DA:27,2
DA:28,4
DA:29,3
DA:32,3
DA:33,2
DA:36,4
DA:37,2
DA:39,1
DA:41,1
DA:46,1
DA:48,0
DA:50,2
DA:56,1
DA:62,1
DA:67,6
DA:68,6
DA:69,7
DA:70,1
DA:71,1
DA:72,1
DA:73,1
DA:74,1
DA:76,3
DA:77,4
DA:79,1
DA:81,1
DA:84,1
LF:31
LH:30
end_of_record
SF:lib/book_sources/source_engine/source_cookie_jar.dart
DA:10,7
DA:15,12
DA:17,2
DA:18,2
DA:20,1
DA:21,4
DA:22,1
DA:23,0
DA:24,0
DA:25,0
DA:26,0
DA:29,1
DA:32,1
DA:33,2
DA:35,1
DA:36,2
DA:37,1
DA:38,1
DA:39,1
DA:42,3
DA:45,2
DA:47,6
DA:50,2
DA:51,2
DA:52,6
DA:53,7
DA:54,10
DA:55,14
DA:56,2
DA:58,14
DA:59,2
DA:62,2
DA:64,10
DA:67,2
DA:69,2
DA:74,2
DA:75,2
DA:76,6
DA:77,4
DA:79,2
DA:80,4
DA:81,1
DA:82,4
DA:83,2
DA:84,1
DA:85,4
DA:88,6
DA:89,2
DA:90,0
DA:91,4
DA:92,2
DA:93,2
DA:94,3
DA:95,4
DA:96,1
DA:97,0
DA:100,4
DA:107,0
DA:113,1
DA:114,2
DA:117,2
DA:118,2
DA:119,3
DA:120,3
DA:121,2
DA:122,2
DA:132,2
DA:133,2
DA:134,4
DA:135,4
DA:137,2
DA:138,2
DA:139,10
DA:140,2
DA:145,2
DA:159,2
DA:160,6
DA:161,8
DA:164,6
DA:165,4
DA:169,4
DA:171,2
DA:176,2
DA:177,2
DA:178,2
DA:181,0
DA:182,0
DA:183,0
DA:184,0
LF:89
LH:78
end_of_record
SF:lib/book_sources/source_engine/source_debug.dart
DA:4,1
DA:24,1
DA:25,2
DA:26,1
DA:27,3
LF:5
LH:5
end_of_record
SF:lib/book_sources/source_engine/source_debug_session.dart
DA:13,2
DA:14,1
DA:15,4
DA:25,6
DA:26,4
DA:31,1
DA:32,1
DA:33,1
DA:34,1
DA:35,1
DA:36,1
DA:38,1
DA:39,1
DA:41,1
DA:44,2
DA:48,4
DA:50,2
DA:51,2
DA:52,4
DA:53,4
DA:56,1
DA:62,3
DA:66,2
DA:67,1
DA:68,3
DA:71,1
DA:78,2
DA:79,1
DA:86,1
DA:89,2
DA:90,1
DA:91,1
DA:92,1
DA:97,1
DA:98,1
DA:100,2
DA:101,1
DA:102,1
DA:103,1
DA:104,1
DA:111,1
DA:112,1
DA:113,1
DA:116,2
DA:117,1
DA:121,1
DA:122,1
DA:123,1
DA:126,1
DA:127,1
DA:131,1
DA:132,1
DA:133,1
DA:136,1
DA:138,1
DA:142,1
DA:151,1
DA:152,1
DA:157,2
DA:162,1
DA:166,1
DA:167,4
DA:171,1
DA:172,1
DA:173,4
LF:65
LH:65
end_of_record
SF:lib/book_sources/source_engine/source_http_transport.dart
DA:24,6
DA:34,6
DA:35,6
DA:45,6
DA:49,6
DA:50,6
DA:57,12
DA:58,6
DA:64,4
DA:66,8
DA:67,8
DA:68,8
DA:69,8
DA:73,1
DA:75,2
DA:77,1
DA:79,2
DA:82,1
DA:84,2
DA:87,0
DA:95,0
DA:96,0
DA:97,0
DA:98,0
DA:100,0
DA:101,0
DA:105,0
DA:107,0
DA:109,0
DA:110,0
DA:112,0
DA:116,0
DA:117,0
DA:120,0
DA:121,0
DA:122,0
DA:123,0
DA:124,0
DA:125,0
DA:126,0
DA:129,0
DA:131,0
DA:136,0
DA:138,0
DA:140,0
DA:141,0
DA:142,0
DA:143,0
DA:144,0
DA:145,0
DA:155,0
DA:156,0
DA:158,1
DA:163,1
DA:165,0
DA:167,1
DA:168,0
DA:169,0
DA:170,0
DA:172,0
DA:173,0
DA:177,0
DA:179,0
DA:182,0
DA:184,0
DA:185,0
DA:186,0
DA:188,0
DA:189,0
DA:190,0
DA:192,0
DA:193,0
DA:194,0
DA:195,0
DA:196,0
DA:199,0
DA:200,0
DA:201,0
DA:202,0
DA:204,0
DA:205,0
DA:206,0
DA:207,0
DA:211,1
DA:212,1
DA:213,1
DA:214,2
DA:219,2
DA:221,1
DA:222,1
DA:226,1
DA:227,1
DA:228,1
DA:229,1
DA:231,2
DA:232,1
DA:233,2
DA:240,1
DA:241,1
DA:244,1
DA:245,1
DA:246,1
DA:250,1
DA:251,1
DA:252,3
DA:253,2
DA:256,2
DA:257,2
DA:261,1
DA:266,1
DA:269,2
DA:270,1
DA:272,1
DA:273,4
DA:280,2
DA:282,1
DA:283,2
DA:286,1
DA:288,1
DA:289,1
DA:290,2
DA:293,1
DA:295,1
DA:296,1
DA:297,1
DA:302,1
DA:303,2
DA:306,1
DA:307,4
DA:308,3
DA:312,1
DA:313,3
DA:314,4
DA:315,1
DA:316,1
DA:317,3
DA:318,0
DA:319,0
DA:322,1
DA:323,1
DA:325,1
DA:326,1
DA:330,2
DA:331,2
DA:341,1
DA:342,0
DA:343,0
DA:346,1
DA:347,0
DA:349,0
DA:352,1
DA:354,2
DA:356,4
DA:357,3
DA:358,1
DA:359,1
DA:360,2
DA:361,2
DA:362,2
DA:365,1
DA:366,1
DA:367,1
DA:368,1
DA:371,1
DA:372,3
DA:376,1
DA:377,1
DA:378,1
DA:379,1
DA:380,1
DA:383,1
DA:384,3
DA:385,1
DA:386,1
DA:387,1
DA:388,1
DA:389,1
DA:397,1
DA:398,1
DA:399,1
DA:400,1
DA:401,1
DA:402,1
DA:405,1
DA:406,1
DA:407,1
DA:408,1
DA:409,0
DA:410,2
DA:411,1
DA:412,1
DA:413,3
DA:414,2
DA:417,0
DA:420,2
DA:425,3
DA:426,5
DA:427,0
DA:428,0
DA:431,2
DA:432,1
DA:433,1
DA:434,1
DA:436,1
DA:437,1
DA:438,1
DA:439,1
DA:440,1
DA:443,0
DA:448,1
DA:449,0
DA:451,0
DA:453,0
DA:454,0
DA:455,0
DA:459,1
DA:460,2
DA:462,3
DA:467,1
LF:219
LH:142
end_of_record
SF:lib/book_sources/source_engine/source_response.dart
DA:4,7
LF:1
LH:1
end_of_record
SF:lib/book_sources/source_engine/source_response_codec.dart
DA:12,0
DA:14,1
DA:15,2
DA:16,2
DA:18,1
DA:21,1
DA:23,1
DA:24,1
DA:27,1
DA:29,2
DA:30,1
DA:33,1
DA:34,0
DA:37,3
DA:38,1
DA:39,1
DA:41,1
DA:44,1
DA:47,1
DA:48,1
DA:49,3
DA:50,5
DA:52,1
DA:55,1
DA:56,1
DA:58,1
DA:59,2
DA:61,1
DA:62,3
DA:63,0
DA:67,1
DA:70,1
DA:71,2
LF:33
LH:30
end_of_record
SF:lib/book_sources/source_engine/source_interaction_coordinator.dart
DA:15,2
DA:29,11
DA:31,2
DA:33,22
DA:34,11
DA:41,9
DA:43,2
DA:50,4
DA:51,2
DA:58,10
DA:59,2
DA:60,4
DA:61,4
DA:62,2
DA:69,4
DA:71,1
DA:72,2
DA:80,6
DA:82,2
DA:83,4
DA:84,4
DA:87,2
DA:88,6
DA:89,4
DA:90,3
DA:91,1
DA:92,1
LF:27
LH:27
end_of_record
SF:lib/book_sources/source_engine/source_login_session.dart
DA:6,6
DA:14,0
DA:15,0
DA:16,0
DA:19,0
DA:20,0
DA:21,0
DA:22,0
DA:23,0
DA:37,8
DA:43,8
DA:45,4
DA:47,12
DA:48,0
DA:50,0
DA:51,0
DA:56,0
DA:58,0
DA:59,0
DA:60,0
DA:64,0
DA:65,0
DA:68,0
DA:69,0
DA:70,0
DA:71,0
LF:26
LH:5
end_of_record
SF:lib/book_sources/source_engine/source_request_expressions.dart
DA:2,0
DA:4,9
DA:5,9
DA:6,9
DA:7,1
DA:8,1
DA:9,3
DA:12,1
DA:15,9
DA:16,9
DA:17,7
DA:18,7
DA:19,7
DA:21,2
DA:22,2
DA:24,1
DA:25,7
DA:28,18
DA:29,8
DA:30,18
DA:31,4
DA:32,2
DA:33,4
DA:34,1
DA:35,2
DA:36,4
DA:40,2
DA:44,4
DA:45,2
DA:46,2
DA:47,2
DA:48,2
DA:53,2
DA:59,10
DA:61,2
DA:62,10
DA:63,0
DA:67,2
DA:68,2
DA:71,2
DA:72,18
DA:73,8
DA:74,2
DA:76,5
DA:80,2
DA:81,2
DA:84,2
DA:85,10
DA:86,8
DA:87,2
DA:88,2
DA:90,4
DA:91,0
DA:92,0
DA:97,2
DA:98,2
DA:99,2
DA:100,8
DA:101,4
DA:102,2
DA:103,2
DA:104,10
DA:105,4
DA:109,16
DA:110,0
DA:111,0
DA:113,2
DA:114,12
DA:115,4
DA:117,4
DA:118,6
DA:119,8
DA:120,2
LF:73
LH:67
end_of_record
SF:lib/utils/fast_gbk_decoder.dart
DA:10,6
DA:11,2
DA:12,6
DA:13,4
DA:16,2
DA:18,2
DA:20,4
DA:21,2
DA:22,2
DA:23,1
DA:26,6
DA:29,4
DA:30,6
DA:33,2
DA:38,2
DA:39,2
DA:40,2
DA:43,4
DA:44,2
DA:45,2
DA:46,1
DA:47,1
DA:51,6
DA:52,4
DA:53,6
DA:54,4
DA:55,4
DA:57,2
DA:59,1
DA:60,1
DA:62,0
DA:64,2
DA:70,2
DA:72,0
DA:74,2
DA:77,2
LF:36
LH:34
end_of_record
SF:lib/book_sources/source_engine/source_runtime_catalog.dart
DA:19,9
DA:24,9
DA:26,9
DA:40,5
DA:47,5
DA:48,10
DA:49,5
DA:50,5
DA:51,10
DA:52,5
DA:53,20
DA:54,18
DA:57,10
DA:59,5
DA:60,15
DA:63,5
DA:64,5
DA:65,15
DA:66,15
DA:68,10
DA:71,10
DA:73,5
DA:74,10
DA:75,5
DA:76,5
DA:77,5
DA:78,15
DA:79,15
DA:81,10
DA:82,15
DA:83,10
DA:89,5
DA:91,10
DA:94,5
DA:99,5
DA:104,5
DA:105,5
DA:106,5
DA:107,5
DA:108,10
DA:112,5
DA:113,5
DA:115,10
DA:121,10
DA:122,5
DA:123,5
DA:124,10
DA:125,10
DA:126,5
DA:128,5
DA:129,10
DA:132,10
DA:135,2
DA:137,8
DA:144,3
DA:147,3
DA:148,3
DA:149,3
DA:150,0
DA:151,0
DA:154,6
DA:155,3
DA:156,15
DA:157,3
DA:160,3
DA:166,3
DA:167,3
DA:168,3
DA:169,0
DA:170,0
DA:173,3
DA:174,12
DA:175,3
DA:181,6
DA:183,3
DA:184,6
DA:186,6
DA:189,6
DA:191,3
DA:192,9
DA:193,1
DA:195,6
DA:198,6
DA:200,3
DA:201,6
DA:202,3
DA:203,3
DA:205,6
DA:206,3
DA:209,6
DA:210,3
DA:214,4
DA:219,4
DA:220,4
DA:221,8
DA:225,4
DA:227,8
DA:229,4
DA:230,8
DA:232,8
DA:233,8
DA:236,4
DA:240,4
DA:242,2
DA:244,4
DA:245,8
DA:246,4
DA:248,3
DA:255,8
DA:261,4
DA:263,0
DA:264,4
DA:269,4
DA:275,4
DA:276,8
DA:282,4
DA:283,4
DA:287,8
DA:293,4
DA:294,0
DA:295,0
DA:296,4
DA:297,8
DA:299,4
DA:300,8
DA:302,4
DA:303,8
DA:305,4
DA:310,4
DA:313,8
DA:314,12
DA:315,16
DA:316,8
DA:320,5
DA:327,10
DA:330,5
DA:331,5
DA:333,5
DA:335,0
DA:337,10
DA:338,5
DA:339,5
DA:346,5
DA:347,10
DA:348,5
DA:349,5
DA:355,10
DA:361,5
DA:362,5
DA:366,10
DA:372,5
DA:373,1
DA:374,1
DA:375,5
DA:376,10
DA:378,5
DA:379,10
DA:381,5
DA:383,5
DA:386,5
DA:389,15
DA:390,20
DA:394,3
DA:397,3
DA:398,6
DA:401,2
DA:403,1
DA:406,4
DA:409,4
DA:414,8
DA:415,9
DA:416,2
DA:421,4
DA:425,12
DA:426,8
DA:427,4
DA:428,8
DA:429,4
DA:431,4
DA:433,1
DA:435,3
DA:440,1
DA:441,1
DA:442,1
DA:443,1
DA:444,1
DA:447,3
DA:448,1
DA:449,1
DA:450,1
DA:451,3
DA:452,1
DA:453,1
DA:454,5
DA:457,1
DA:458,1
DA:459,3
DA:461,1
DA:462,1
DA:463,3
DA:464,1
DA:467,1
DA:469,1
DA:471,3
DA:472,2
DA:473,3
DA:481,5
DA:488,10
DA:489,5
DA:490,2
DA:493,1
DA:496,5
DA:499,10
DA:500,5
DA:501,5
DA:502,5
DA:503,5
DA:504,5
DA:505,25
DA:507,5
DA:515,10
DA:516,1
DA:518,1
DA:519,1
DA:524,5
DA:525,5
DA:526,10
DA:528,5
DA:529,15
DA:530,5
DA:531,10
DA:532,20
DA:534,5
DA:535,20
DA:543,5
DA:549,5
DA:550,5
DA:551,2
DA:552,1
DA:554,1
DA:555,2
DA:558,2
DA:559,3
DA:560,1
DA:561,1
DA:562,1
DA:563,1
DA:568,1
DA:569,2
DA:570,1
DA:571,0
DA:572,0
DA:575,10
DA:577,5
DA:582,5
DA:583,0
DA:584,0
DA:587,0
DA:595,5
DA:596,20
DA:598,5
DA:599,10
DA:600,5
DA:602,20
DA:603,10
DA:605,5
DA:608,5
DA:609,10
DA:610,5
DA:611,5
DA:612,5
DA:615,5
DA:616,5
DA:617,10
DA:618,10
DA:621,5
DA:622,5
DA:623,15
DA:624,14
DA:627,4
DA:634,4
DA:635,12
DA:636,8
DA:637,4
DA:638,4
DA:639,4
DA:641,4
DA:643,1
DA:645,3
DA:650,1
DA:651,1
DA:652,3
DA:653,3
DA:654,1
DA:655,1
DA:656,1
DA:657,3
DA:658,1
DA:659,1
DA:660,5
DA:663,1
DA:664,1
DA:665,3
DA:667,1
DA:668,1
DA:669,3
DA:670,1
DA:673,1
DA:675,1
DA:677,3
DA:678,2
DA:679,1
DA:680,1
DA:681,2
DA:690,5
DA:696,5
DA:697,5
DA:698,5
DA:699,5
DA:700,5
DA:703,15
DA:705,5
DA:706,10
DA:707,15
DA:708,15
DA:709,5
DA:710,5
DA:712,1
DA:717,1
DA:718,1
DA:719,2
DA:720,1
DA:721,3
DA:722,2
DA:723,2
DA:724,1
DA:725,2
DA:726,6
DA:727,5
DA:732,3
DA:733,1
DA:734,5
DA:737,2
DA:740,1
DA:742,1
DA:743,0
DA:744,0
DA:746,1
DA:749,1
DA:750,1
DA:751,5
DA:753,1
DA:754,1
DA:755,3
DA:757,1
DA:758,1
DA:759,4
DA:761,0
DA:768,1
LF:359
LH:343
end_of_record
SF:lib/book_sources/source_engine/source_runtime_dependencies.dart
DA:7,10
DA:12,6
DA:17,6
DA:18,4
DA:19,2
DA:20,2
DA:22,2
DA:23,4
DA:26,1
DA:29,2
DA:33,12
DA:35,6
DA:40,8
DA:41,2
DA:42,6
DA:43,2
DA:44,2
DA:45,4
DA:46,1
DA:50,3
DA:55,4
DA:56,1
DA:57,3
DA:58,1
DA:60,1
DA:66,9
DA:71,2
DA:72,4
DA:74,6
DA:75,8
DA:76,6
DA:80,2
DA:82,4
DA:83,0
DA:84,0
LF:35
LH:33
end_of_record
SF:lib/book_sources/source_engine/source_runtime_login.dart
DA:43,9
DA:50,5
DA:52,15
DA:54,27
DA:56,12
DA:60,5
DA:62,15
DA:64,1
DA:70,1
DA:71,1
DA:72,1
DA:74,3
DA:75,3
DA:78,2
DA:80,2
DA:81,4
DA:82,4
DA:83,1
DA:84,1
DA:86,3
DA:89,2
DA:94,2
DA:95,4
DA:96,8
DA:97,2
DA:98,2
DA:100,2
DA:101,10
DA:102,6
DA:103,2
DA:104,4
DA:105,6
DA:108,5
DA:110,15
DA:112,8
DA:114,0
DA:119,0
DA:121,0
DA:122,0
DA:123,0
DA:126,2
DA:128,2
DA:129,2
DA:132,2
DA:135,2
DA:137,2
DA:138,2
DA:139,2
DA:143,0
DA:145,0
DA:146,0
DA:147,0
DA:151,6
DA:153,12
DA:154,12
DA:159,9
DA:163,9
DA:165,9
DA:171,0
DA:175,0
DA:176,0
DA:181,0
DA:182,0
DA:184,1
DA:187,1
DA:188,2
DA:189,2
DA:190,3
DA:191,1
DA:192,1
DA:193,0
DA:194,0
DA:195,0
DA:196,0
DA:197,0
DA:199,0
DA:202,0
DA:205,1
DA:209,1
DA:210,2
DA:211,1
DA:212,1
DA:213,3
DA:214,1
DA:215,1
DA:216,4
DA:217,1
DA:219,2
DA:220,3
DA:221,1
DA:222,2
DA:227,3
DA:228,1
DA:229,2
DA:231,2
DA:235,5
DA:236,10
DA:237,5
DA:242,10
DA:245,5
DA:246,5
DA:247,10
DA:248,4
DA:250,5
DA:254,5
DA:257,2
DA:258,6
DA:259,3
DA:260,4
LF:109
LH:88
end_of_record
SF:lib/book_sources/source_engine/source_runtime_reading.dart
DA:17,9
DA:22,9
DA:24,9
DA:39,4
DA:44,4
DA:45,4
DA:46,4
DA:47,4
DA:52,8
DA:56,4
DA:58,4
DA:59,4
DA:66,4
DA:67,4
DA:70,12
DA:71,4
DA:72,8
DA:75,4
DA:76,8
DA:78,8
DA:81,4
DA:85,4
DA:86,4
DA:89,2
DA:90,2
DA:92,8
DA:95,8
DA:97,5
DA:98,2
DA:100,8
DA:102,4
DA:103,12
DA:104,8
DA:110,4
DA:111,8
DA:112,1
DA:113,2
DA:115,4
DA:117,4
DA:118,8
DA:120,4
DA:121,12
DA:122,4
DA:123,4
DA:124,4
DA:129,4
DA:135,4
DA:136,8
DA:137,8
DA:138,1
DA:140,4
DA:141,8
DA:147,4
DA:148,4
DA:150,4
DA:157,5
DA:158,1
DA:160,4
DA:165,4
DA:167,8
DA:168,4
DA:169,12
DA:171,16
DA:172,4
DA:173,8
DA:174,8
DA:175,8
DA:176,9
DA:178,4
DA:180,8
DA:181,8
DA:182,8
DA:186,4
DA:192,4
DA:193,4
DA:194,4
DA:195,4
DA:196,4
DA:201,8
DA:205,4
DA:207,4
DA:208,4
DA:209,4
DA:211,8
DA:212,12
DA:215,12
DA:216,4
DA:217,8
DA:219,4
DA:220,8
DA:225,8
DA:226,0
DA:227,0
DA:230,8
DA:231,8
DA:234,4
DA:238,4
DA:240,4
DA:241,4
DA:242,4
DA:243,8
DA:244,4
DA:246,4
DA:247,8
DA:249,4
DA:252,2
DA:253,2
DA:255,8
DA:256,4
DA:257,2
DA:258,2
DA:259,2
DA:260,1
DA:261,1
DA:263,1
DA:268,8
DA:277,8
DA:279,8
DA:281,16
DA:282,4
DA:288,4
DA:291,4
DA:292,8
DA:293,4
DA:294,5
DA:295,1
DA:300,3
DA:302,4
DA:303,4
DA:304,1
DA:305,2
DA:307,1
DA:308,2
DA:313,2
DA:314,2
DA:317,1
DA:322,2
DA:331,2
DA:333,2
DA:335,2
DA:336,0
DA:337,0
DA:338,0
DA:341,4
DA:342,2
DA:343,1
DA:344,1
DA:346,1
DA:347,1
DA:355,3
DA:361,8
DA:362,2
DA:367,8
DA:368,8
DA:369,4
DA:373,4
DA:374,8
DA:381,1
DA:383,2
DA:384,0
DA:387,1
DA:389,2
DA:390,3
DA:391,4
DA:392,2
DA:393,1
DA:395,1
DA:396,1
DA:397,1
DA:398,1
DA:399,1
DA:400,1
DA:403,1
DA:405,1
DA:406,2
DA:411,4
DA:417,4
DA:418,8
DA:419,4
DA:420,8
DA:423,4
DA:424,8
DA:426,8
DA:429,4
DA:433,4
DA:435,2
DA:437,8
DA:438,4
DA:440,3
DA:442,8
DA:447,4
DA:448,0
DA:453,0
DA:454,0
DA:459,4
DA:466,8
DA:467,1
DA:469,1
DA:470,1
DA:475,1
DA:476,2
DA:477,1
DA:478,1
DA:479,1
DA:489,1
DA:490,2
DA:492,1
DA:493,1
DA:495,2
DA:496,1
DA:497,2
DA:498,2
DA:499,2
DA:500,0
DA:501,1
DA:503,2
DA:505,1
DA:511,1
DA:512,3
DA:513,2
DA:516,2
DA:517,3
DA:520,1
DA:523,1
DA:528,1
DA:530,2
DA:534,1
DA:535,1
DA:536,1
DA:540,3
DA:541,2
DA:542,3
DA:543,1
DA:544,1
DA:545,1
DA:546,1
DA:547,1
DA:554,4
DA:559,4
DA:561,1
DA:562,2
DA:563,2
DA:564,3
DA:565,1
DA:566,1
DA:567,1
DA:568,5
DA:569,1
DA:570,2
DA:571,1
DA:572,5
DA:576,1
DA:577,1
DA:578,1
DA:579,1
DA:584,4
DA:597,4
DA:598,8
DA:599,4
DA:600,8
DA:601,8
DA:602,2
DA:603,1
DA:604,1
DA:606,1
DA:610,1
DA:613,8
DA:618,8
DA:623,4
DA:628,5
DA:629,1
DA:630,2
DA:631,2
DA:633,1
DA:635,4
DA:640,5
DA:641,1
DA:642,1
DA:643,1
DA:647,1
DA:652,1
DA:653,3
DA:654,2
DA:655,2
DA:659,1
DA:660,1
DA:661,1
DA:663,1
DA:666,1
DA:667,2
DA:668,1
DA:669,0
DA:670,0
DA:673,4
DA:674,8
DA:676,8
DA:677,8
DA:678,4
DA:679,4
DA:680,8
DA:681,4
DA:684,4
DA:687,4
DA:688,0
DA:691,0
LF:305
LH:291
end_of_record
SF:lib/book_sources/source_engine/source_runtime_requests.dart
DA:50,9
DA:60,9
DA:72,9
DA:94,5
DA:101,10
DA:102,5
DA:107,5
DA:109,5
DA:111,5
DA:112,6
DA:114,10
DA:115,5
DA:116,5
DA:119,10
DA:121,10
DA:125,10
DA:126,5
DA:128,6
DA:133,4
DA:140,8
DA:141,8
DA:144,4
DA:147,5
DA:156,5
DA:157,10
DA:158,5
DA:159,5
DA:161,5
DA:163,5
DA:164,5
DA:171,5
DA:181,10
DA:182,5
DA:189,2
DA:194,0
DA:195,0
DA:196,0
DA:197,5
DA:198,5
DA:199,6
DA:200,6
DA:201,1
DA:202,1
DA:206,1
DA:210,3
DA:212,2
DA:213,2
DA:214,0
DA:216,0
DA:217,0
DA:218,0
DA:219,0
DA:220,0
DA:221,0
DA:223,0
DA:227,1
DA:228,1
DA:229,2
DA:230,2
DA:231,1
DA:238,1
DA:241,2
DA:243,1
DA:245,2
DA:246,1
DA:247,1
DA:250,2
DA:252,2
DA:254,4
DA:255,1
DA:257,3
DA:259,3
DA:260,3
DA:261,2
DA:263,2
DA:265,1
DA:266,2
DA:267,1
DA:268,1
DA:269,1
DA:271,1
DA:274,3
DA:277,1
DA:278,1
DA:279,1
DA:280,1
DA:286,1
DA:290,2
DA:291,4
DA:292,2
DA:294,1
DA:296,0
DA:297,0
DA:301,1
DA:302,0
DA:303,0
DA:304,0
DA:305,0
DA:311,2
DA:312,2
DA:316,5
DA:320,15
DA:321,5
DA:322,1
DA:323,1
DA:324,2
DA:325,1
DA:326,1
DA:327,1
DA:329,3
DA:331,2
DA:333,2
DA:334,1
DA:335,1
DA:336,2
DA:338,3
DA:339,2
DA:340,2
DA:341,0
DA:342,3
DA:343,3
DA:347,5
DA:349,10
DA:350,10
DA:351,15
DA:352,3
DA:354,1
DA:356,1
DA:357,0
DA:358,0
DA:359,0
DA:361,0
DA:363,0
DA:367,0
DA:369,0
DA:370,0
DA:378,1
DA:383,1
DA:384,2
DA:385,3
DA:386,3
DA:391,3
DA:393,1
DA:397,1
DA:398,1
DA:399,2
DA:401,1
DA:402,1
DA:403,1
DA:404,1
DA:405,1
DA:406,0
DA:408,1
DA:409,1
DA:410,0
DA:414,5
DA:420,10
DA:421,2
DA:422,4
DA:423,5
DA:424,5
DA:426,2
DA:427,2
DA:428,8
DA:431,4
DA:433,4
DA:434,0
DA:435,0
DA:438,4
DA:440,4
DA:441,4
DA:442,8
DA:443,4
DA:444,4
DA:446,0
DA:447,0
DA:454,1
DA:456,2
DA:458,2
DA:463,4
DA:464,2
DA:465,0
DA:466,0
DA:469,2
DA:470,4
DA:471,2
DA:473,8
DA:475,2
DA:476,0
DA:477,0
DA:478,0
DA:480,0
DA:482,0
DA:483,0
DA:485,0
DA:486,0
DA:488,0
DA:489,0
DA:490,0
DA:493,2
[...]
DA:68,4
DA:70,4
DA:73,12
DA:76,0
DA:77,0
DA:78,0
DA:84,2
DA:85,2
DA:86,2
DA:88,2
DA:90,2
DA:93,4
DA:96,4
DA:97,4
DA:98,4
DA:101,4
DA:103,8
DA:108,2
DA:112,2
DA:113,2
DA:115,2
DA:117,2
DA:120,6
DA:121,6
DA:122,2
DA:123,2
DA:124,2
DA:125,2
DA:126,1
DA:129,1
DA:131,1
DA:134,2
DA:140,4
DA:144,1
DA:145,4
DA:148,2
DA:149,4
DA:153,1
DA:154,3
DA:159,8
DA:162,1
DA:163,1
DA:164,1
DA:167,2
DA:168,1
DA:171,1
DA:173,3
DA:176,3
DA:179,1
DA:180,1
DA:181,2
DA:183,2
DA:184,2
DA:185,0
DA:193,4
DA:201,4
DA:202,4
DA:203,4
DA:206,4
DA:209,4
DA:210,3
DA:211,3
DA:213,6
DA:214,6
DA:215,6
DA:216,3
DA:217,6
DA:218,4
DA:219,2
DA:220,2
DA:225,8
DA:226,8
DA:235,8
DA:236,4
DA:241,4
DA:251,4
DA:252,4
DA:253,8
DA:254,4
DA:255,4
DA:256,8
DA:257,12
DA:258,4
DA:261,4
DA:264,12
DA:267,4
DA:268,9
DA:274,4
DA:275,4
DA:276,4
DA:277,4
DA:278,4
DA:279,4
DA:280,7
DA:281,1
DA:282,4
DA:285,9
DA:286,6
DA:287,3
DA:289,4
DA:292,1
DA:295,12
DA:296,4
DA:298,4
DA:301,4
DA:302,4
DA:303,4
DA:307,4
DA:308,9
DA:312,9
DA:313,6
DA:314,3
DA:318,4
DA:321,8
DA:324,8
DA:325,4
DA:328,8
DA:329,8
DA:330,4
DA:331,4
DA:332,4
DA:333,4
DA:335,8
DA:336,4
DA:337,4
DA:343,4
DA:346,4
DA:347,12
DA:351,1
DA:354,8
DA:355,4
DA:356,4
DA:357,12
DA:364,8
DA:365,8
DA:366,4
DA:368,6
DA:369,9
DA:370,3
DA:374,4
DA:377,4
DA:378,4
DA:379,4
DA:380,8
DA:381,8
DA:382,4
DA:384,4
DA:386,16
LF:173
LH:169
end_of_record
SF:lib/services/sync/sync_clock.dart
DA:2,6
DA:12,4
DA:13,4
DA:14,8
DA:15,24
DA:16,0
DA:18,4
DA:19,8
DA:20,12
DA:21,8
DA:25,4
DA:27,12
DA:28,4
DA:29,9
DA:30,3
DA:31,9
DA:34,5
DA:36,30
DA:40,5
DA:41,0
DA:48,5
DA:49,10
DA:50,10
DA:51,5
DA:52,5
DA:54,10
DA:56,20
DA:59,1
DA:60,2
DA:61,1
DA:63,1
DA:64,1
DA:65,3
DA:66,2
DA:67,0
DA:68,2
DA:69,0
DA:70,2
DA:71,3
DA:73,0
DA:75,1
LF:41
LH:36
end_of_record
SF:lib/services/sync/sync_dataset_catalog.dart
DA:24,5
DA:25,10
DA:26,10
DA:33,0
DA:35,5
DA:36,5
DA:37,5
DA:38,5
DA:39,5
DA:40,5
DA:41,3
DA:42,3
DA:43,2
DA:44,2
DA:47,4
DA:48,4
DA:50,6
DA:51,6
DA:52,5
DA:53,6
DA:54,7
DA:55,4
DA:56,3
DA:57,5
DA:58,4
DA:62,0
DA:64,1
DA:71,1
DA:72,1
DA:73,1
DA:84,4
DA:90,4
DA:95,4
DA:96,3
DA:99,8
DA:100,4
DA:103,4
DA:104,4
DA:105,12
DA:111,3
DA:112,3
DA:113,3
DA:114,3
DA:115,3
DA:116,3
DA:117,3
DA:118,3
DA:121,4
DA:122,4
DA:123,4
DA:124,2
DA:125,2
DA:126,2
DA:127,2
DA:130,0
DA:131,0
DA:132,0
LF:57
LH:52
end_of_record
SF:lib/services/sync/sync_protocol.dart
DA:8,5
DA:24,10
DA:25,5
DA:26,5
DA:27,5
DA:28,5
DA:29,5
DA:30,5
DA:33,2
DA:34,1
DA:35,1
DA:36,1
DA:37,1
DA:38,1
DA:39,2
DA:44,5
DA:62,5
DA:68,15
DA:69,0
DA:71,5
DA:72,5
DA:73,5
DA:77,5
DA:80,20
DA:81,0
DA:86,1
DA:87,1
DA:88,1
DA:91,2
DA:94,1
DA:95,4
DA:96,1
DA:97,3
DA:100,1
DA:101,1
DA:102,1
DA:103,1
DA:104,2
DA:105,2
DA:107,1
DA:108,1
DA:110,2
DA:113,1
DA:122,15
DA:123,25
DA:124,10
DA:127,5
DA:132,5
DA:137,20
DA:142,0
DA:154,0
DA:155,0
DA:156,0
DA:157,0
DA:158,0
DA:161,0
DA:162,0
DA:163,0
DA:164,0
DA:165,0
DA:166,0
DA:167,0
DA:171,0
DA:174,5
DA:175,20
DA:177,5
DA:178,15
DA:179,5
DA:181,5
DA:182,15
DA:184,5
DA:186,5
DA:187,30
DA:188,5
DA:189,25
DA:190,45
DA:192,0
LF:77
LH:60
end_of_record
SF:lib/services/sync/secure_sync_config.dart
DA:15,4
DA:20,0
DA:21,0
DA:23,0
DA:25,0
DA:27,0
DA:28,0
DA:38,0
DA:40,0
DA:42,0
DA:44,0
DA:47,0
DA:49,0
DA:54,1
DA:61,5
DA:64,4
DA:65,4
DA:76,1
DA:77,2
DA:79,1
DA:80,2
DA:84,1
DA:85,1
DA:88,2
DA:89,1
DA:90,1
DA:99,1
DA:103,1
DA:107,2
DA:114,3
DA:117,2
DA:118,4
DA:120,2
DA:121,4
DA:125,1
DA:126,3
DA:128,1
DA:129,1
DA:130,2
DA:133,1
DA:134,3
DA:136,1
DA:138,2
DA:145,2
DA:146,2
DA:147,2
DA:151,4
DA:155,12
DA:157,4
DA:158,8
DA:159,8
DA:165,12
DA:166,1
DA:167,12
DA:173,8
DA:174,2
DA:175,2
DA:177,1
DA:187,1
DA:188,1
DA:189,2
DA:190,3
DA:191,4
DA:192,1
DA:193,1
DA:194,1
DA:195,1
DA:196,2
DA:197,0
LF:69
LH:56
end_of_record
SF:lib/services/sync/sync_engine.dart
DA:18,0
DA:24,0
DA:32,0
DA:35,0
DA:42,0
DA:43,0
DA:44,0
DA:45,0
DA:46,0
DA:47,0
DA:49,0
DA:50,0
DA:51,0
DA:52,0
DA:54,0
DA:55,0
DA:57,0
DA:60,0
DA:62,0
DA:63,0
DA:64,0
DA:65,0
DA:66,0
DA:67,0
DA:68,0
DA:69,0
DA:70,0
DA:72,0
DA:73,0
DA:74,0
DA:80,0
DA:87,0
DA:93,0
DA:94,0
DA:95,0
DA:96,0
DA:97,0
DA:101,0
DA:106,0
DA:113,0
DA:119,0
DA:120,0
DA:122,0
DA:123,0
DA:125,0
DA:126,0
DA:127,0
DA:128,0
DA:129,0
DA:131,0
DA:132,0
DA:139,0
DA:140,0
DA:142,0
DA:145,0
DA:146,0
DA:147,0
DA:149,0
DA:150,0
DA:155,0
DA:159,0
DA:160,0
DA:161,0
DA:164,0
DA:166,0
DA:169,0
DA:170,0
DA:176,0
DA:177,0
DA:178,0
DA:179,0
DA:183,0
DA:186,0
DA:188,0
DA:189,0
DA:190,0
DA:191,0
DA:202,0
DA:208,0
DA:209,0
DA:212,0
DA:213,0
DA:214,0
DA:215,0
DA:216,0
DA:217,0
DA:218,0
DA:219,0
DA:225,0
DA:226,0
DA:227,0
DA:233,0
DA:234,0
DA:236,0
DA:237,0
DA:246,0
DA:247,0
DA:248,0
DA:249,0
DA:250,0
DA:252,0
DA:254,0
DA:255,0
DA:256,0
DA:259,0
DA:261,0
DA:262,0
DA:263,0
DA:264,0
DA:265,0
DA:266,0
DA:267,0
DA:271,0
DA:272,0
DA:274,0
DA:276,0
DA:277,0
DA:278,0
DA:280,0
DA:282,0
DA:283,0
DA:284,0
DA:286,0
DA:287,0
DA:291,0
DA:298,0
DA:300,0
DA:301,0
DA:302,0
DA:304,0
DA:307,0
DA:308,0
DA:309,0
DA:310,0
DA:313,0
DA:314,0
DA:315,0
DA:317,0
DA:318,0
DA:319,0
DA:320,0
DA:322,0
DA:323,0
DA:324,0
DA:325,0
DA:328,0
DA:329,0
DA:330,0
DA:331,0
DA:332,0
DA:336,0
DA:338,0
DA:339,0
LF:153
LH:0
end_of_record
SF:lib/services/sync/webdav_client.dart
DA:11,3
DA:13,6
DA:15,0
DA:16,0
DA:17,0
DA:18,0
DA:34,0
DA:36,8
DA:37,2
DA:38,6
DA:39,6
DA:40,2
DA:42,2
DA:43,10
DA:45,2
DA:46,6
DA:47,4
DA:48,4
DA:54,0
DA:56,0
DA:57,0
DA:58,0
DA:60,0
DA:65,0
DA:66,0
DA:67,0
DA:68,0
DA:70,0
DA:71,0
DA:73,0
DA:75,0
DA:80,0
DA:81,0
DA:87,0
DA:88,0
DA:89,0
DA:92,0
DA:93,0
DA:94,0
DA:95,0
DA:99,0
DA:105,0
DA:106,0
DA:108,0
DA:109,0
DA:114,0
DA:115,0
DA:116,0
DA:117,0
DA:118,0
DA:119,0
DA:120,0
DA:121,0
DA:122,0
DA:123,0
DA:124,0
DA:128,0
DA:129,0
DA:132,0
DA:133,0
DA:134,0
DA:135,0
DA:137,0
DA:138,0
DA:139,0
DA:144,1
DA:146,1
DA:147,1
DA:148,1
DA:149,0
DA:154,0
DA:156,0
DA:158,0
DA:159,0
DA:164,1
DA:169,2
DA:175,1
DA:177,2
DA:178,1
DA:179,1
DA:181,1
DA:184,1
DA:185,1
DA:186,1
DA:192,1
DA:193,3
DA:194,1
DA:195,0
DA:199,1
DA:204,2
DA:211,2
DA:212,1
DA:213,1
DA:215,1
DA:217,2
DA:220,1
DA:221,2
DA:222,1
DA:230,1
DA:231,2
DA:233,0
DA:234,1
DA:237,3
DA:238,1
DA:239,2
DA:240,1
DA:242,1
DA:244,1
DA:246,0
DA:247,0
DA:251,0
DA:253,0
DA:254,0
DA:255,0
DA:259,0
DA:264,0
DA:270,0
DA:273,0
DA:274,0
DA:280,1
DA:286,1
DA:289,1
DA:290,1
DA:291,1
DA:295,1
DA:296,2
DA:301,1
DA:302,1
DA:311,0
DA:312,0
DA:315,0
DA:318,0
DA:319,0
DA:324,0
DA:325,0
DA:326,0
DA:327,0
DA:328,0
DA:333,1
DA:340,2
DA:347,2
DA:348,1
DA:350,1
DA:353,1
DA:355,4
DA:358,1
DA:359,2
DA:361,2
DA:363,2
DA:364,1
DA:370,2
DA:372,0
DA:374,1
DA:375,1
DA:381,0
DA:386,0
DA:389,3
DA:391,1
DA:392,0
DA:396,0
DA:397,0
DA:398,0
DA:401,2
DA:402,18
DA:408,2
DA:409,10
DA:410,10
DA:411,6
DA:413,1
DA:415,2
DA:417,0
DA:421,0
DA:422,0
DA:423,0
DA:424,0
DA:425,0
DA:426,0
DA:428,2
DA:430,2
DA:431,2
DA:432,2
DA:433,4
DA:434,1
DA:435,1
DA:438,2
DA:440,2
DA:445,0
DA:446,0
DA:447,0
DA:448,0
DA:449,0
DA:450,0
DA:451,0
DA:454,0
DA:456,0
LF:195
LH:92
end_of_record
SF:lib/services/tts_service_translator.dart
DA:14,0
DA:20,0
DA:22,0
DA:23,0
DA:24,0
DA:25,0
DA:26,0
DA:27,0
LF:8
LH:0
end_of_record
SF:lib/utils/progressive_blur.dart
DA:21,0
DA:33,0
DA:35,0
DA:37,0
DA:38,0
DA:41,0
DA:42,0
DA:45,0
DA:46,0
DA:52,0
DA:53,0
DA:54,0
DA:55,0
DA:56,0
DA:57,0
DA:59,0
DA:60,0
DA:61,0
DA:62,0
DA:63,0
DA:64,0
DA:65,0
DA:66,0
DA:69,0
DA:70,0
DA:72,0
DA:73,0
DA:76,0
DA:82,0
DA:83,0
DA:87,0
DA:96,0
DA:102,0
DA:107,0
DA:110,0
DA:111,0
DA:120,0
DA:126,0
DA:127,0
DA:129,0
DA:130,0
DA:132,0
DA:134,0
DA:135,0
DA:137,0
DA:138,0
DA:139,0
DA:141,0
DA:142,0
DA:143,0
DA:146,0
DA:149,0
DA:151,0
DA:152,0
DA:154,0
DA:169,0
DA:175,0
DA:176,0
DA:177,0
DA:179,0
DA:180,0
DA:181,0
DA:185,0
DA:186,0
DA:188,0
DA:189,0
DA:190,0
DA:191,0
DA:194,0
DA:195,0
DA:197,0
DA:198,0
DA:200,0
DA:201,0
DA:203,0
DA:204,0
DA:206,0
DA:220,0
DA:226,0
DA:231,0
DA:232,0
DA:233,0
DA:249,0
DA:256,0
DA:258,0
DA:260,0
DA:261,0
DA:264,0
DA:265,0
DA:267,0
DA:268,0
DA:274,0
DA:275,0
DA:276,0
DA:277,0
DA:278,0
DA:279,0
DA:281,0
DA:282,0
DA:287,0
DA:288,0
DA:292,0
DA:304,0
LF:103
LH:0
end_of_record
SF:lib/widgets/image_decode_retry_controller.dart
DA:8,1
DA:16,1
DA:17,2
DA:18,1
DA:19,1
DA:22,1
DA:28,2
DA:29,1
DA:30,1
DA:31,3
DA:32,3
DA:33,1
DA:34,1
DA:36,1
DA:37,3
DA:38,1
DA:41,1
DA:47,0
DA:48,0
DA:51,0
DA:52,0
DA:53,0
LF:22
LH:17
end_of_record
SF:lib/widgets/open_reading_icons.dart
DA:11,4
DA:20,4
DA:22,4
DA:25,4
DA:26,4
DA:27,12
DA:34,4
DA:38,4
DA:40,8
DA:41,8
DA:42,4
DA:43,4
DA:45,4
DA:46,8
DA:47,4
DA:48,4
DA:50,4
DA:51,4
DA:52,4
DA:53,4
DA:54,4
DA:55,4
DA:56,4
DA:58,4
DA:59,4
DA:60,4
DA:61,4
DA:62,4
DA:63,4
DA:64,4
DA:66,4
DA:67,4
DA:70,2
DA:72,6
LF:34
LH:34
end_of_record
SF:lib/widgets/reader_text_page_content.dart
DA:13,8
DA:28,8
DA:30,16
DA:31,9
DA:33,7
DA:34,14
DA:35,7
DA:36,7
DA:38,7
DA:40,14
DA:41,0
DA:42,14
DA:43,14
DA:44,14
DA:45,14
DA:46,14
DA:47,14
DA:48,14
LF:18
LH:17
end_of_record
SF:lib/widgets/reader_theme_background_image_io.dart
DA:5,0
DA:6,0
DA:7,0
DA:11,0
LF:4
LH:0
end_of_record
SF:lib/pages/legal/user_agreement_page.dart
DA:15,1
DA:21,1
DA:22,1
DA:36,1
DA:38,2
DA:39,3
DA:40,1
DA:42,1
DA:43,1
DA:44,1
DA:45,2
DA:46,1
DA:47,1
DA:49,1
DA:50,1
DA:56,1
DA:57,1
DA:58,1
DA:59,1
DA:60,1
DA:61,1
DA:62,1
DA:63,1
DA:72,1
DA:73,1
DA:75,2
DA:77,1
DA:80,2
DA:81,2
DA:83,2
DA:84,3
DA:85,1
DA:86,1
DA:88,1
DA:89,1
DA:92,1
DA:93,1
DA:95,1
DA:97,1
DA:104,1
DA:105,2
DA:106,1
DA:107,2
DA:111,2
DA:112,2
DA:113,2
DA:118,1
DA:119,1
DA:129,1
DA:133,1
DA:134,1
DA:135,1
DA:136,2
DA:138,1
DA:139,1
DA:144,1
DA:145,1
DA:150,1
DA:151,1
DA:156,2
DA:158,1
DA:159,3
DA:172,1
DA:173,1
DA:174,1
DA:175,1
DA:178,0
DA:179,0
DA:182,0
DA:183,0
DA:191,1
DA:192,1
DA:194,1
DA:195,1
DA:197,1
DA:200,3
DA:203,1
DA:204,1
DA:206,1
DA:207,1
DA:208,3
DA:209,5
DA:211,1
DA:215,0
DA:217,0
DA:218,0
DA:229,1
DA:230,1
DA:231,3
DA:232,3
DA:233,3
DA:234,3
DA:236,1
DA:238,3
DA:239,1
DA:240,1
DA:242,1
DA:243,3
DA:244,1
DA:251,1
DA:252,2
DA:253,3
DA:255,4
DA:256,4
DA:257,4
DA:258,3
DA:260,1
DA:263,1
DA:265,1
DA:266,2
DA:273,1
DA:275,1
DA:276,2
DA:279,1
DA:280,1
DA:281,2
DA:293,1
DA:294,1
DA:295,1
DA:296,1
DA:299,1
DA:302,0
DA:304,0
DA:305,0
DA:307,0
DA:310,2
DA:315,1
DA:316,1
DA:319,1
DA:320,1
DA:322,1
DA:323,2
DA:324,1
DA:326,1
DA:327,3
DA:328,5
DA:329,1
DA:335,1
DA:336,3
DA:337,5
DA:339,1
DA:341,1
DA:345,1
DA:346,3
DA:347,5
DA:349,2
DA:353,1
DA:356,3
DA:357,3
DA:360,1
DA:363,3
DA:364,3
DA:370,1
DA:371,4
DA:372,1
DA:374,1
DA:375,1
DA:376,2
DA:380,2
DA:381,2
DA:382,2
DA:384,1
DA:385,1
DA:387,1
DA:388,3
DA:389,1
DA:390,1
DA:391,1
DA:397,1
DA:398,1
DA:399,1
DA:401,1
DA:402,1
DA:403,2
DA:405,1
DA:407,1
DA:408,1
DA:409,1
DA:411,1
DA:417,1
DA:419,1
DA:421,1
DA:423,1
DA:429,1
DA:431,1
DA:434,1
DA:436,1
DA:438,1
DA:443,1
DA:444,2
DA:445,1
DA:446,1
DA:447,2
DA:450,1
DA:452,5
DA:453,2
DA:468,1
DA:475,1
DA:478,1
DA:486,3
DA:487,1
DA:488,1
DA:489,1
DA:495,1
DA:497,1
DA:498,1
DA:502,1
DA:504,2
DA:507,1
DA:513,1
DA:519,1
DA:521,1
DA:522,1
DA:525,1
DA:526,2
DA:527,1
DA:529,1
DA:532,2
DA:536,1
DA:537,1
DA:539,1
DA:540,1
DA:542,1
DA:544,5
DA:546,2
DA:556,1
DA:557,1
DA:560,3
DA:561,3
DA:565,3
DA:566,3
DA:570,3
DA:571,3
DA:575,3
DA:576,3
DA:580,3
DA:581,3
DA:585,3
DA:586,3
DA:590,3
DA:591,3
DA:595,3
DA:596,3
DA:600,3
DA:601,3
DA:604,1
DA:608,3
DA:609,3
DA:610,1
DA:612,1
DA:613,1
DA:615,4
DA:616,1
DA:618,1
DA:619,1
DA:620,1
DA:622,4
DA:626,1
DA:629,1
DA:630,3
DA:631,4
DA:636,1
DA:637,1
DA:641,3
DA:642,3
DA:643,1
DA:645,1
DA:646,1
DA:648,1
DA:651,3
DA:652,3
DA:656,1
DA:659,1
DA:660,3
DA:662,4
DA:667,1
DA:668,1
DA:672,3
DA:673,3
DA:674,1
DA:676,1
DA:677,1
DA:680,3
DA:681,3
DA:684,1
DA:687,3
DA:688,3
DA:691,1
DA:694,3
DA:695,3
DA:698,1
DA:701,3
DA:702,3
DA:706,1
DA:709,1
DA:710,3
DA:712,4
DA:717,1
DA:726,4
DA:727,1
DA:728,1
DA:730,1
DA:732,1
DA:734,1
DA:735,3
DA:736,1
DA:737,1
DA:738,1
DA:745,1
DA:746,1
DA:747,1
DA:749,1
DA:751,1
DA:752,1
DA:755,1
DA:756,2
DA:757,1
DA:759,2
DA:762,1
DA:763,1
DA:765,1
DA:766,1
DA:768,4
DA:769,1
DA:771,1
DA:775,1
DA:777,4
DA:778,1
DA:780,2
DA:791,3
DA:792,1
DA:793,1
DA:794,1
DA:801,3
DA:802,1
DA:813,1
DA:814,1
DA:816,1
DA:817,2
DA:818,1
DA:819,3
DA:821,1
DA:823,1
DA:824,1
DA:827,2
DA:830,1
DA:831,1
DA:832,3
DA:833,5
DA:836,2
DA:845,1
DA:846,1
DA:847,3
DA:848,3
DA:849,3
DA:851,1
DA:854,1
DA:855,2
DA:856,1
DA:857,3
DA:859,1
DA:861,1
DA:862,1
DA:863,1
DA:864,2
DA:866,1
DA:867,1
DA:868,3
DA:869,5
DA:871,1
DA:878,2
DA:879,1
DA:881,1
DA:882,1
DA:884,1
DA:887,1
DA:888,1
DA:894,1
DA:895,1
DA:897,5
DA:899,2
DA:905,3
DA:912,1
DA:918,1
DA:920,1
DA:921,2
DA:922,1
DA:923,3
DA:925,1
DA:927,1
DA:928,1
DA:931,1
DA:932,2
DA:933,1
DA:935,2
DA:938,1
DA:939,1
DA:941,1
DA:942,1
DA:944,1
DA:945,1
DA:946,3
DA:949,1
DA:951,5
DA:953,2
DA:964,1
DA:970,1
DA:972,1
DA:973,1
DA:975,1
DA:976,1
DA:978,1
DA:979,2
DA:980,5
DA:981,2
DA:987,1
DA:988,1
DA:990,1
DA:991,1
DA:992,3
DA:998,1
DA:1000,1
DA:1002,5
DA:1004,2
DA:1012,1
DA:1020,2
DA:1021,1
DA:1025,1
DA:1027,2
DA:1029,1
DA:1031,1
DA:1033,1
DA:1034,1
DA:1036,3
DA:1037,1
DA:1038,1
DA:1040,1
DA:1041,1
DA:1042,1
DA:1044,1
DA:1046,0
DA:1049,1
DA:1050,1
DA:1052,5
DA:1057,2
DA:1069,1
DA:1070,2
DA:1071,1
DA:1072,1
DA:1073,3
DA:1074,3
DA:1075,3
DA:1077,1
DA:1078,4
DA:1079,4
DA:1080,4
DA:1081,4
DA:1083,1
DA:1084,1
DA:1087,1
DA:1088,1
DA:1089,1
DA:1092,1
DA:1093,1
DA:1094,2
DA:1095,1
DA:1096,2
DA:1097,4
DA:1100,1
DA:1102,2
DA:1104,4
DA:1106,1
DA:1107,1
DA:1108,1
DA:1110,1
DA:1112,1
DA:1114,1
DA:1115,1
DA:1117,1
DA:1118,1
DA:1121,1
DA:1125,1
DA:1132,1
DA:1133,1
DA:1135,1
DA:1136,1
DA:1137,1
DA:1144,1
DA:1145,2
DA:1161,1
DA:1162,1
DA:1163,1
DA:1164,1
DA:1165,1
DA:1166,1
DA:1167,1
DA:1169,1
DA:1170,1
DA:1171,1
DA:1173,1
DA:1174,2
DA:1178,0
DA:1179,0
DA:1180,0
DA:1182,0
DA:1183,0
DA:1184,0
DA:1185,0
DA:1186,0
DA:1187,0
DA:1191,1
DA:1192,3
DA:1193,2
DA:1194,5
DA:1195,1
DA:1199,1
DA:1200,1
DA:1201,1
DA:1202,1
DA:1203,1
DA:1206,2
DA:1207,3
DA:1209,1
DA:1210,3
DA:1212,1
DA:1213,3
DA:1215,1
DA:1217,4
DA:1219,0
DA:1220,0
DA:1221,0
DA:1222,0
DA:1223,0
DA:1225,0
DA:1226,0
DA:1227,0
DA:1233,0
DA:1234,0
DA:1235,0
DA:1236,0
DA:1237,0
DA:1238,0
DA:1239,0
DA:1240,0
DA:1241,0
DA:1242,0
DA:1244,0
DA:1245,0
DA:1246,0
DA:1247,0
DA:1249,0
DA:1259,1
DA:1261,1
DA:1263,1
DA:1264,3
DA:1265,1
DA:1266,3
DA:1267,4
DA:1270,1
DA:1271,3
DA:1272,1
DA:1273,1
DA:1274,3
DA:1275,4
DA:1280,1
DA:1282,3
DA:1287,1
DA:1289,1
DA:1291,6
DA:1292,1
DA:1293,4
DA:1294,1
DA:1295,1
DA:1296,1
DA:1297,1
DA:1299,2
DA:1300,2
DA:1304,1
DA:1305,1
DA:1307,2
DA:1308,2
DA:1313,5
DA:1314,3
DA:1315,1
DA:1316,6
DA:1317,6
DA:1319,1
DA:1323,0
DA:1325,0
DA:1337,2
DA:1339,2
DA:1340,1
DA:1341,2
DA:1342,1
DA:1344,0
DA:1349,1
DA:1350,1
DA:1351,1
DA:1352,1
DA:1354,3
DA:1356,1
DA:1357,1
DA:1358,1
DA:1361,0
DA:1363,0
DA:1364,0
DA:1365,0
DA:1367,0
DA:1372,0
DA:1373,0
DA:1374,0
DA:1375,0
DA:1376,0
DA:1377,0
DA:1378,0
LF:615
LH:556
end_of_record
SF:lib/main.dart
DA:59,0
DA:61,0
DA:65,0
DA:68,0
DA:71,0
DA:72,0
DA:78,0
DA:82,0
DA:83,0
DA:84,0
DA:89,0
DA:101,0
DA:102,0
DA:103,0
DA:104,0
DA:105,0
DA:106,0
DA:107,0
DA:108,0
DA:110,0
DA:111,0
DA:112,0
DA:113,0
DA:114,0
DA:119,0
DA:120,0
DA:122,0
DA:123,0
DA:124,0
DA:126,0
DA:127,0
DA:128,0
DA:134,0
DA:135,0
DA:138,0
DA:139,0
DA:146,0
DA:147,0
DA:148,0
DA:149,0
DA:151,0
DA:152,0
DA:154,0
DA:159,0
DA:160,0
DA:161,0
DA:162,0
DA:164,0
DA:165,0
DA:168,0
DA:172,1
DA:181,1
DA:182,2
DA:184,1
DA:185,1
DA:203,1
DA:205,1
DA:206,2
DA:207,2
DA:208,1
DA:209,1
DA:210,1
DA:211,1
DA:212,1
DA:213,1
DA:214,0
DA:215,0
DA:218,1
DA:219,3
DA:220,0
DA:223,1
DA:224,3
DA:225,1
DA:227,5
DA:228,1
DA:230,2
DA:231,1
DA:232,1
DA:235,1
DA:237,2
DA:238,2
DA:239,2
DA:240,3
DA:241,3
DA:242,1
DA:245,0
DA:246,0
DA:247,0
DA:250,0
DA:251,0
DA:252,0
DA:254,0
DA:255,0
DA:259,0
DA:260,0
DA:262,0
DA:263,0
DA:264,0
DA:266,0
DA:271,0
DA:272,0
DA:276,1
DA:277,3
DA:279,0
DA:280,0
DA:281,0
DA:284,0
DA:285,0
DA:286,0
DA:287,0
DA:288,0
DA:289,0
DA:296,1
DA:297,1
DA:299,3
DA:302,0
DA:303,0
DA:306,0
DA:307,0
DA:311,0
DA:313,0
DA:314,0
DA:315,0
DA:316,0
DA:320,0
DA:323,0
DA:324,0
DA:325,0
DA:326,0
DA:327,0
DA:329,0
DA:330,0
DA:331,0
DA:336,0
DA:337,0
DA:339,0
DA:343,0
DA:344,0
DA:346,0
DA:349,0
DA:350,0
DA:351,0
DA:352,0
DA:353,0
DA:354,0
DA:355,0
DA:356,0
DA:357,0
DA:359,0
DA:362,0
DA:364,0
DA:365,0
DA:369,0
DA:374,0
DA:375,0
DA:376,0
DA:377,0
DA:378,0
DA:379,0
DA:380,0
DA:381,0
DA:382,0
DA:383,0
DA:386,0
DA:387,0
DA:388,0
DA:389,0
DA:392,0
DA:393,0
DA:395,0
DA:399,0
DA:401,0
DA:405,1
DA:406,2
DA:407,1
DA:408,1
DA:410,1
DA:418,1
DA:419,0
DA:421,0
DA:422,0
DA:423,0
DA:429,0
DA:431,0
DA:432,0
DA:435,0
DA:436,0
DA:437,0
DA:440,0
DA:443,0
DA:444,0
DA:445,0
DA:446,0
DA:448,0
DA:449,0
DA:450,0
DA:454,1
DA:455,1
DA:456,0
DA:457,0
DA:458,0
DA:460,0
DA:461,0
DA:462,0
DA:463,0
DA:467,0
DA:468,0
DA:469,0
DA:470,0
DA:472,0
DA:473,0
DA:474,0
DA:475,0
DA:478,0
DA:479,0
DA:480,0
DA:483,0
DA:484,0
DA:485,0
DA:487,0
DA:489,0
DA:490,0
DA:491,0
DA:492,0
DA:495,0
DA:500,0
DA:505,0
DA:506,0
DA:508,0
DA:509,0
DA:512,0
DA:519,0
DA:520,0
DA:521,0
DA:522,0
DA:523,0
DA:524,0
DA:528,0
DA:531,0
DA:532,0
DA:533,0
DA:535,0
DA:537,0
DA:539,0
DA:540,0
DA:541,0
DA:542,0
DA:543,0
DA:544,0
DA:545,0
DA:547,0
DA:548,0
DA:549,0
DA:550,0
DA:551,0
DA:553,0
DA:555,0
DA:562,0
DA:566,0
DA:568,0
DA:569,0
DA:572,0
DA:576,0
DA:581,0
DA:583,0
DA:588,1
DA:590,1
DA:591,1
DA:592,1
DA:593,1
DA:594,2
DA:595,1
DA:599,1
DA:600,1
DA:601,3
DA:604,1
DA:607,1
DA:608,1
DA:610,1
DA:612,1
DA:613,1
DA:615,1
DA:617,1
DA:626,3
DA:638,1
DA:639,1
DA:640,0
DA:644,1
DA:645,1
DA:649,0
DA:650,0
DA:654,0
DA:655,0
DA:656,0
DA:657,0
DA:662,0
DA:663,0
DA:664,0
DA:668,0
DA:673,0
DA:674,0
DA:675,0
DA:676,0
DA:678,0
DA:680,0
DA:681,0
DA:684,0
DA:687,0
DA:688,0
DA:689,0
DA:691,0
DA:694,0
DA:695,0
DA:696,0
DA:697,0
DA:699,0
DA:702,0
DA:703,0
DA:704,0
DA:714,1
DA:715,1
DA:716,1
DA:717,1
DA:718,1
DA:721,1
DA:722,4
DA:723,4
DA:724,3
DA:728,1
DA:729,1
DA:731,1
DA:732,1
DA:736,1
DA:737,1
DA:738,1
DA:739,3
DA:740,3
DA:743,1
DA:748,1
DA:749,2
DA:750,4
DA:755,1
DA:756,1
DA:757,3
DA:767,1
DA:772,1
DA:773,1
DA:780,1
DA:785,1
DA:786,1
DA:793,1
DA:799,1
DA:800,1
DA:802,0
DA:805,1
DA:809,1
DA:811,0
DA:812,2
DA:813,1
DA:815,0
DA:816,2
DA:819,1
DA:820,1
DA:825,1
DA:838,1
DA:839,2
DA:844,1
DA:845,1
LF:368
LH:114
end_of_record
SF:lib/book_sources/source_engine/source_interactive_browser.dart
DA:7,0
DA:19,1
DA:23,1
DA:29,0
DA:30,0
DA:32,0
DA:37,0
DA:43,0
DA:44,0
DA:48,0
DA:49,0
DA:50,0
DA:51,0
DA:56,0
DA:59,0
DA:61,0
DA:62,0
DA:65,0
DA:66,0
LF:19
LH:2
end_of_record
SF:lib/pages/book_sources/source_verification_page.dart
DA:11,1
DA:20,1
DA:21,1
DA:23,1
DA:24,1
DA:33,4
DA:35,1
DA:37,1
DA:38,3
DA:39,0
DA:43,1
DA:45,2
DA:46,1
DA:49,0
DA:50,0
DA:51,0
DA:53,0
DA:54,0
DA:55,0
DA:57,0
DA:59,0
DA:60,0
DA:62,0
DA:63,0
DA:64,0
DA:65,0
DA:66,0
DA:69,0
DA:70,0
DA:72,0
DA:73,0
DA:74,0
DA:75,0
DA:76,0
DA:77,0
DA:78,0
DA:83,1
DA:84,3
DA:85,1
DA:86,2
DA:89,1
DA:90,1
DA:91,1
DA:92,6
DA:93,1
DA:94,2
DA:95,3
DA:96,4
DA:101,1
DA:102,1
DA:104,1
DA:107,3
DA:108,1
DA:109,1
DA:110,1
DA:111,0
DA:113,1
DA:114,4
DA:115,2
DA:116,0
DA:117,1
DA:118,1
DA:120,1
DA:122,1
DA:123,1
DA:129,1
DA:130,1
DA:131,1
DA:133,1
DA:135,1
DA:136,1
DA:138,3
DA:141,1
DA:142,1
DA:144,2
DA:145,0
DA:146,3
DA:153,1
DA:155,2
DA:156,0
DA:157,0
DA:158,0
DA:159,0
DA:164,1
DA:165,1
DA:166,1
DA:169,0
DA:170,1
DA:171,2
DA:175,1
DA:176,1
DA:177,1
DA:179,3
DA:181,0
DA:183,0
DA:184,0
DA:186,0
DA:187,0
DA:188,0
DA:189,0
DA:193,0
DA:194,0
DA:196,0
DA:200,1
DA:201,1
DA:202,1
DA:204,3
LF:107
LH:65
end_of_record
SF:lib/widgets/restartable_app.dart
DA:7,0
DA:11,0
DA:12,0
DA:13,0
DA:16,0
DA:17,0
DA:23,0
DA:24,0
DA:27,0
DA:29,0
LF:10
LH:0
end_of_record
SF:lib/book_sources/source_engine/source_verifier.dart
DA:12,1
DA:22,1
DA:31,1
DA:32,1
DA:44,3
DA:46,1
DA:51,1
DA:52,3
DA:54,1
DA:55,2
DA:56,3
DA:57,1
DA:58,3
DA:59,2
DA:60,1
DA:61,0
DA:62,1
DA:64,1
DA:66,2
DA:67,3
DA:68,1
DA:69,3
DA:71,1
DA:75,1
DA:77,3
DA:78,1
DA:79,2
DA:80,1
DA:81,1
DA:82,3
DA:83,1
DA:84,1
DA:91,1
DA:92,0
DA:96,1
DA:97,3
DA:98,2
DA:100,1
DA:101,1
DA:102,1
DA:103,1
DA:104,3
DA:108,1
DA:109,1
DA:110,2
DA:112,1
DA:114,1
DA:117,0
DA:118,0
DA:119,0
DA:121,0
DA:123,0
DA:124,0
DA:126,0
DA:128,0
DA:129,0
DA:131,0
DA:132,0
DA:134,0
DA:135,0
DA:136,0
DA:138,0
LF:62
LH:45
end_of_record
